#
# A fatal error has been detected by the Java Runtime Environment:
#
#  EXCEPTION_ACCESS_VIOLATION (0xc0000005) at pc=0x00007ffd582a6c84, pid=2960, tid=9692
#
# JRE version: OpenJDK Runtime Environment (19.0+36) (build 19+36-2238)
# Java VM: OpenJDK 64-Bit Server VM (19+36-2238, mixed mode, sharing, tiered, compressed oops, compressed class ptrs, g1 gc, windows-amd64)
# Problematic frame:
# C  [jdwp.dll+0x26c84]
#
# No core dump will be written. Minidumps are not enabled by default on client versions of Windows
#
# If you would like to submit a bug report, please visit:
#   https://bugreport.java.com/bugreport/crash.jsp
# The crash happened outside the Java Virtual Machine in native code.
# See problematic frame for where to report the bug.
#

---------------  S U M M A R Y ------------

Command Line: -agentlib:jdwp=transport=dt_socket,address=127.0.0.1:55797,suspend=y,server=n -javaagent:C:\Users\saky-hp-n\AppData\Local\JetBrains\IntelliJIdea2022.2\captureAgent\debugger-agent.jar -Dfile.encoding=UTF-8 -Dsun.stdout.encoding=UTF-8 -Dsun.stderr.encoding=UTF-8 Main

Host: Intel(R) Core(TM) i3-8350K CPU @ 4.00GHz, 4 cores, 15G,  Windows 10 , 64 bit Build 19041 (10.0.19041.2251)
Time: Sun Nov 27 13:19:10 2022 Stindows 10 , 64 bit Build 19041 (10.0.19041.2251) elapsed time: 2.805298 seconds (0d 0h 0m 2s)

---------------  T H R E A D  ---------------

Current thread (0x000001f824389680):  JavaThread "main" [_thread_in_native, id=9692, stack(0x00000097a3600000,0x00000097a3700000)]

Stack: [0x00000097a3600000,0x00000097a3700000],  sp=0x00000097a36fe4c8,  free space=1017k
Native frames: (J=compiled Java code, j=interpreted, Vv=VM code, C=native code)
C  [jdwp.dll+0x26c84]

Java frames: (J=compiled Java code, j=interpreted, Vv=VM code)
j  jdk.internal.reflect.MethodHandleAccessorFactory.newFieldAccessor(Ljava/lang/reflect/Field;Z)Ljdk/internal/reflect/FieldAccessorImpl;+170 java.base@19
j  jdk.internal.reflect.ReflectionFactory.newFieldAccessor(Ljava/lang/reflect/Field;Z)Ljdk/internal/reflect/FieldAccessor;+82 java.base@19
j  java.lang.reflect.Field.acquireFieldAccessor()Ljdk/internal/reflect/FieldAccessor;+35 java.base@19
j  java.lang.reflect.Field.getFieldAccessor()Ljdk/internal/reflect/FieldAccessor;+14 java.base@19
j  java.lang.reflect.Field.getInt(Ljava/lang/Object;)I+18 java.base@19
j  org.lwjgl.system.APIUtil.apiClassTokens(Ljava/util/function/BiPredicate;Ljava/util/Map;[Ljava/lang/Class;)Ljava/util/Map;+104
j  org.lwjgl.glfw.GLFWErrorCallback$1.<init>(Ljava/io/PrintStream;)V+25
j  org.lwjgl.glfw.GLFWErrorCallback.createPrint(Ljava/io/PrintStream;)Lorg/lwjgl/glfw/GLFWErrorCallback;+5
j  Main.init()V+3
j  Main.run()V+15
j  Main.main([Ljava/lang/String;)V+14
v  ~StubRoutines::call_stub 0x000001f83381100e

siginfo: EXCEPTION_ACCESS_VIOLATION (0xc0000005), reading address 0xffffffffffffffff


Registers:
RAX=0x000001f84b60c1b0, RBX=0x000001f846f63f50, RCX=0x000001f824389960, RDX=0x000001f846f63f50
RSP=0x00000097a36fe4c8, RBP=0x0000000000000002, RSI=0x00000097a36fe570, RDI=0x000001f824389960
R8 =0x0000000000010002, R9 =0x0000000000000000, R10=0x00007ffd8b1d0000, R11=0x00000097a36fe498
R12=0x0000000000000007, R13=0x000001f824373df0, R14=0x00007ffd582b0300, R15=0x0000000000000000
RIP=0x00007ffd582a6c84, EFLAGS=0x0000000000010206


Register to memory mapping:

RIP=0x00007ffd582a6c84 jdwp.dll
RAX=0x000001f84b60c1b0 points into unknown readable memory: 0x0000000000000000 | 00 00 00 00 00 00 00 00
RBX=0x000001f846f63f50 points into unknown readable memory: 0x000000071080a4b0 | b0 a4 80 10 07 00 00 00
RCX=0x000001f824389960 points into unknown readable memory: 0x000001f84b60c1b0 | b0 c1 60 4b f8 01 00 00
RDX=0x000001f846f63f50 points into unknown readable memory: 0x000000071080a4b0 | b0 a4 80 10 07 00 00 00
RSP=0x00000097a36fe4c8 is pointing into the stack for thread: 0x000001f824389680
RBP=0x0000000000000002 is an unknown value
RSI=0x00000097a36fe570 is pointing into the stack for thread: 0x000001f824389680
RDI=0x000001f824389960 points into unknown readable memory: 0x000001f84b60c1b0 | b0 c1 60 4b f8 01 00 00
R8 =0x0000000000010002 is an unknown value
R9 =0x0 is NULL
R10=0x00007ffd8b1d0000 VCRUNTIME140.dll
R11=0x00000097a36fe498 is pointing into the stack for thread: 0x000001f824389680
R12=0x0000000000000007 is an unknown value
R13=0x000001f824373df0 points into unknown readable memory: 0x00007ffd2ec78ff0 | f0 8f c7 2e fd 7f 00 00
R14=0x00007ffd582b0300 jdwp.dll
R15=0x0 is NULL


Top of Stack: (sp=0x00000097a36fe4c8)
0x00000097a36fe4c8:   00007ffd58295bd1 000001f846f63f50
0x00000097a36fe4d8:   00000097a36fe570 0000000000000000
0x00000097a36fe4e8:   0000000000000000 00007ffd2ec5ecd0
0x00000097a36fe4f8:   00000000000025dc 000001f846f63f50
0x00000097a36fe508:   00007ffd582b0328 0000000000000000
0x00000097a36fe518:   00007ffd5829272f 000001f846f63f50
0x00000097a36fe528:   0000000000000002 000001f824389960
0x00000097a36fe538:   000001f846f63f58 0000000000000000
0x00000097a36fe548:   00007ffd2e3a685f 00000097a36fe530
0x00000097a36fe558:   0000000800000002 00000097a36fe5c0
0x00000097a36fe568:   00007ffd2e3aa286 0000000000000007
0x00000097a36fe578:   000001f846f63f50 0000000000000000
0x00000097a36fe588:   000001f846f63f58 0000000000000000
0x00000097a36fe598:   0000000000000000 0000000000000000
0x00000097a36fe5a8:   0000000000000000 0000000000000000
0x00000097a36fe5b8:   0000000000000000 0000000000000000 

Instructions: (pc=0x00007ffd582a6c84)
0x00007ffd582a6b84:   05 d7 05 01 00 48 8b 03 48 8b d7 4d 8b 40 30 48
0x00007ffd582a6b94:   8b cb 48 8b 5c 24 30 48 83 c4 20 5f 48 ff a0 00
0x00007ffd582a6ba4:   01 00 00 cc 48 89 5c 24 08 57 48 83 ec 20 48 8b
0x00007ffd582a6bb4:   f9 e8 f2 ea ff ff 4c 8b 05 9f 05 01 00 48 8b d8
0x00007ffd582a6bc4:   41 f6 80 18 02 00 00 02 74 33 41 b8 21 06 00 00
0x00007ffd582a6bd4:   48 8d 15 8d bf 00 00 48 8d 0d 22 58 00 00 e8 89
0x00007ffd582a6be4:   41 ff ff 48 8d 15 ea 95 00 00 48 8d 0d 23 58 00
0x00007ffd582a6bf4:   00 e8 1e 42 ff ff 4c 8b 05 5f 05 01 00 48 8b 03
0x00007ffd582a6c04:   48 8b d7 4d 8b 40 38 48 8b cb 48 8b 5c 24 30 48
0x00007ffd582a6c14:   83 c4 20 5f 48 ff a0 00 01 00 00 cc 48 89 5c 24
0x00007ffd582a6c24:   08 57 48 83 ec 20 48 8b f9 e8 7a ea ff ff 48 8b
0x00007ffd582a6c34:   15 27 05 01 00 48 8b d8 f6 82 18 02 00 00 02 74
0x00007ffd582a6c44:   2c 41 b8 13 06 00 00 48 8d 15 16 bf 00 00 48 8d
0x00007ffd582a6c54:   0d ab 57 00 00 e8 12 41 ff ff 48 8d 15 8b 68 00
0x00007ffd582a6c64:   00 48 8d 0d ac 57 00 00 e8 a7 41 ff ff 48 8b 03
0x00007ffd582a6c74:   48 8b d7 48 8b cb 48 8b 5c 24 30 48 83 c4 20 5f
0x00007ffd582a6c84:   48 ff a0 50 07 00 00 cc 48 89 5c 24 08 48 89 74
0x00007ffd582a6c94:   24 10 48 89 7c 24 18 41 56 48 83 ec 20 4c 63 f2
0x00007ffd582a6ca4:   49 8b d8 48 8b d1 41 8b f9 48 8b cb 4d 8d 46 ff
0x00007ffd582a6cb4:   ff 15 b6 55 00 00 85 c0 75 3c 41 0f be 44 1e ff
0x00007ffd582a6cc4:   3b c7 75 32 49 03 de eb 10 0f be c8 ff 15 8a 55
0x00007ffd582a6cd4:   00 00 85 c0 74 09 48 ff c3 8a 03 84 c0 75 ea 80
0x00007ffd582a6ce4:   3b 3b 74 12 8b d7 48 8b cb e8 a0 4a 00 00 48 85
0x00007ffd582a6cf4:   c0 0f 94 c0 eb 02 32 c0 48 8b 5c 24 30 48 8b 74
0x00007ffd582a6d04:   24 38 48 8b 7c 24 40 48 83 c4 20 41 5e c3 cc cc
0x00007ffd582a6d14:   0f b6 d1 83 fa 1e 0f 87 83 00 00 00 74 7b 83 fa
0x00007ffd582a6d24:   07 77 41 74 39 83 ea 01 74 2e 83 ea 01 74 23 83
0x00007ffd582a6d34:   ea 01 74 18 83 ea 01 74 0d 83 fa 02 0f 85 8a 00
0x00007ffd582a6d44:   00 00 8d 42 03 c3 b8 04 00 00 00 c3 b8 03 00 00
0x00007ffd582a6d54:   00 c3 b8 02 00 00 00 c3 b8 01 00 00 00 c3 b8 06
0x00007ffd582a6d64:   00 00 00 c3 b8 08 00 00 00 2b d0 74 26 83 ea 01
0x00007ffd582a6d74:   0f 84 88 00 00 00 83 ea 01 74 12 b8 0a 00 00 00 


Stack slot to memory mapping:
stack at sp + 0 slots: 0x00007ffd58295bd1 jdwp.dll
stack at sp + 1 slots: 0x000001f846f63f50 points into unknown readable memory: 0x000000071080a4b0 | b0 a4 80 10 07 00 00 00
stack at sp + 2 slots: 0x00000097a36fe570 is pointing into the stack for thread: 0x000001f824389680
stack at sp + 3 slots: 0x0 is NULL
stack at sp + 4 slots: 0x0 is NULL
stack at sp + 5 slots: 0x00007ffd2ec5ecd0 jvm.dll
stack at sp + 6 slots: 0x00000000000025dc is an unknown value
stack at sp + 7 slots: 0x000001f846f63f50 points into unknown readable memory: 0x000000071080a4b0 | b0 a4 80 10 07 00 00 00


---------------  P R O C E S S  ---------------

Threads class SMR info:
_java_thread_list=0x000001f84b37a2f0, length=16, elements={
0x000001f824389680, 0x000001f846f7bac0, 0x000001f846f7c6b0, 0x000001f846f7dca0,
0x000001f846f7f5e0, 0x000001f846f81f20, 0x000001f846fa2ae0, 0x000001f846faf060,
0x000001f846fb4bf0, 0x000001f846fc2a40, 0x000001f84b1f2f00, 0x000001f84b31b670,
0x000001f84b2c4f40, 0x000001f84b2c5490, 0x000001f84b2c38f0, 0x000001f846fb6230
}

Java Threads: ( => current thread )
=>0x000001f824389680 JavaThread "main" [_thread_in_native, id=9692, stack(0x00000097a3600000,0x00000097a3700000)]
  0x000001f846f7bac0 JavaThread "Reference Handler" daemon [_thread_blocked, id=21196, stack(0x00000097a3d00000,0x00000097a3e00000)]
  0x000001f846f7c6b0 JavaThread "Finalizer" daemon [_thread_blocked, id=15088, stack(0x00000097a3e00000,0x00000097a3f00000)]
  0x000001f846f7dca0 JavaThread "Signal Dispatcher" daemon [_thread_blocked, id=13100, stack(0x00000097a3f00000,0x00000097a4000000)]
  0x000001f846f7f5e0 JavaThread "Attach Listener" daemon [_thread_blocked, id=18528, stack(0x00000097a4000000,0x00000097a4100000)]
  0x000001f846f81f20 JavaThread "Service Thread" daemon [_thread_blocked, id=14380, stack(0x00000097a4100000,0x00000097a4200000)]
  0x000001f846fa2ae0 JavaThread "Monitor Deflation Thread" daemon [_thread_blocked, id=5128, stack(0x00000097a4200000,0x00000097a4300000)]
  0x000001f846faf060 JavaThread "C2 CompilerThread0" daemon [_thread_blocked, id=4988, stack(0x00000097a4300000,0x00000097a4400000)]
  0x000001f846fb4bf0 JavaThread "C1 CompilerThread0" daemon [_thread_blocked, id=17976, stack(0x00000097a4400000,0x00000097a4500000)]
  0x000001f846fc2a40 JavaThread "Sweeper thread" daemon [_thread_blocked, id=11660, stack(0x00000097a4500000,0x00000097a4600000)]
  0x000001f84b1f2f00 JavaThread "Common-Cleaner" daemon [_thread_blocked, id=1876, stack(0x00000097a4600000,0x00000097a4700000)]
  0x000001f84b31b670 JavaThread "JDWP Transport Listener: dt_socket" daemon [_thread_blocked, id=17484, stack(0x00000097a4700000,0x00000097a4800000)]
  0x000001f84b2c4f40 JavaThread "JDWP Event Helper Thread" daemon [_thread_blocked, id=18884, stack(0x00000097a4800000,0x00000097a4900000)]
  0x000001f84b2c5490 JavaThread "JDWP Command Reader" daemon [_thread_in_native, id=13956, stack(0x00000097a4900000,0x00000097a4a00000)]
  0x000001f84b2c38f0 JavaThread "Notification Thread" daemon [_thread_blocked, id=19188, stack(0x00000097a4a00000,0x00000097a4b00000)]
  0x000001f846fb6230 JavaThread "C2 CompilerThread1" daemon [_thread_blocked, id=20004, stack(0x00000097a4c00000,0x00000097a4d00000)]

Other Threads:
  0x000001f846f639e0 VMThread "VM Thread" [stack: 0x00000097a3c00000,0x00000097a3d00000] [id=3352]
  0x000001f84b2c3e30 WatcherThread "VM Periodic Task Thread" [stack: 0x00000097a4b00000,0x00000097a4c00000] [id=19304]
  0x000001f8243fc230 WorkerThread "GC Thread#0" [stack: 0x00000097a3700000,0x00000097a3800000] [id=14840]
  0x000001f82440e270 ConcurrentGCThread "G1 Main Marker" [stack: 0x00000097a3800000,0x00000097a3900000] [id=17612]
  0x000001f82440f350 WorkerThread "G1 Conc#0" [stack: 0x00000097a3900000,0x00000097a3a00000] [id=24384]
  0x000001f82444dd70 ConcurrentGCThread "G1 Refine#0" [stack: 0x00000097a3a00000,0x00000097a3b00000] [id=14908]
  0x000001f82444e6c0 ConcurrentGCThread "G1 Service" [stack: 0x00000097a3b00000,0x00000097a3c00000] [id=8748]

Threads with active compile tasks:

VM state: not at safepoint (normal execution)

VM Mutex/Monitor currently owned by a thread: None

Heap address: 0x0000000700a00000, size: 4086 MB, Compressed Oops mode: Zero based, Oop shift amount: 3

CDS archive(s) mapped at: [0x0000000800000000-0x0000000800c40000-0x0000000800c40000), size 12845056, SharedBaseAddress: 0x0000000800000000, ArchiveRelocationMode: 0.
Compressed class space mapped at: 0x0000000801000000-0x0000000841000000, reserved size: 1073741824
Narrow klass base: 0x0000000800000000, Narrow klass shift: 0, Narrow klass range: 0x100000000

GC Precious Log:
 CardTable entry size: 512
 Card Set container configuration: InlinePtr #cards 4 size 8 Array Of Cards #cards 8 size 32 Howl #buckets 8 coarsen threshold 3686 Howl Bitmap #cards 512 size 80 coarsen threshold 460 Card regions per heap region 1 cards per card region 4096
 CPUs: 4 total, 4 available
 Memory: 16339M
 Large Page Support: Disabled
 NUMA Support: Disabled
 Compressed Oops: Enabled (Zero based)
 Heap Region Size: 2M
 Heap Min Capacity: 8M
 Heap Initial Capacity: 256M
 Heap Max Capacity: 4086M
 Pre-touch: Disabled
 Parallel Workers: 4
 Concurrent Workers: 1
 Concurrent Refinement Workers: 4
 Periodic GC: Disabled

Heap:
 garbage-first heap   total 262144K, used 6144K [0x0000000700a00000, 0x0000000800000000)
  region size 2048K, 5 young (10240K), 0 survivors (0K)
 Metaspace       used 2278K, committed 2432K, reserved 1114112K
  class space    used 187K, committed 256K, reserved 1048576K

Heap Regions: E=young(eden), S=young(survivor), O=old, HS=humongous(starts), HC=humongous(continues), CS=collection set, F=free, OA=open archive, CA=closed archive, TAMS=top-at-mark-start (previous, next)
|   0|0x0000000700a00000, 0x0000000700a00000, 0x0000000700c00000|  0%| F|  |TAMS 0x0000000700a00000, 0x0000000700a00000| Untracked 
|   1|0x0000000700c00000, 0x0000000700c00000, 0x0000000700e00000|  0%| F|  |TAMS 0x0000000700c00000, 0x0000000700c00000| Untracked 
|   2|0x0000000700e00000, 0x0000000700e00000, 0x0000000701000000|  0%| F|  |TAMS 0x0000000700e00000, 0x0000000700e00000| Untracked 
|   3|0x0000000701000000, 0x0000000701000000, 0x0000000701200000|  0%| F|  |TAMS 0x0000000701000000, 0x0000000701000000| Untracked 
|   4|0x0000000701200000, 0x0000000701200000, 0x0000000701400000|  0%| F|  |TAMS 0x0000000701200000, 0x0000000701200000| Untracked 
|   5|0x0000000701400000, 0x0000000701400000, 0x0000000701600000|  0%| F|  |TAMS 0x0000000701400000, 0x0000000701400000| Untracked 
|   6|0x0000000701600000, 0x0000000701600000, 0x0000000701800000|  0%| F|  |TAMS 0x0000000701600000, 0x0000000701600000| Untracked 
|   7|0x0000000701800000, 0x0000000701800000, 0x0000000701a00000|  0%| F|  |TAMS 0x0000000701800000, 0x0000000701800000| Untracked 
|   8|0x0000000701a00000, 0x0000000701a00000, 0x0000000701c00000|  0%| F|  |TAMS 0x0000000701a00000, 0x0000000701a00000| Untracked 
|   9|0x0000000701c00000, 0x0000000701c00000, 0x0000000701e00000|  0%| F|  |TAMS 0x0000000701c00000, 0x0000000701c00000| Untracked 
|  10|0x0000000701e00000, 0x0000000701e00000, 0x0000000702000000|  0%| F|  |TAMS 0x0000000701e00000, 0x0000000701e00000| Untracked 
|  11|0x0000000702000000, 0x0000000702000000, 0x0000000702200000|  0%| F|  |TAMS 0x0000000702000000, 0x0000000702000000| Untracked 
|  12|0x0000000702200000, 0x0000000702200000, 0x0000000702400000|  0%| F|  |TAMS 0x0000000702200000, 0x0000000702200000| Untracked 
|  13|0x0000000702400000, 0x0000000702400000, 0x0000000702600000|  0%| F|  |TAMS 0x0000000702400000, 0x0000000702400000| Untracked 
|  14|0x0000000702600000, 0x0000000702600000, 0x0000000702800000|  0%| F|  |TAMS 0x0000000702600000, 0x0000000702600000| Untracked 
|  15|0x0000000702800000, 0x0000000702800000, 0x0000000702a00000|  0%| F|  |TAMS 0x0000000702800000, 0x0000000702800000| Untracked 
|  16|0x0000000702a00000, 0x0000000702a00000, 0x0000000702c00000|  0%| F|  |TAMS 0x0000000702a00000, 0x0000000702a00000| Untracked 
|  17|0x0000000702c00000, 0x0000000702c00000, 0x0000000702e00000|  0%| F|  |TAMS 0x0000000702c00000, 0x0000000702c00000| Untracked 
|  18|0x0000000702e00000, 0x0000000702e00000, 0x0000000703000000|  0%| F|  |TAMS 0x0000000702e00000, 0x0000000702e00000| Untracked 
|  19|0x0000000703000000, 0x0000000703000000, 0x0000000703200000|  0%| F|  |TAMS 0x0000000703000000, 0x0000000703000000| Untracked 
|  20|0x0000000703200000, 0x0000000703200000, 0x0000000703400000|  0%| F|  |TAMS 0x0000000703200000, 0x0000000703200000| Untracked 
|  21|0x0000000703400000, 0x0000000703400000, 0x0000000703600000|  0%| F|  |TAMS 0x0000000703400000, 0x0000000703400000| Untracked 
|  22|0x0000000703600000, 0x0000000703600000, 0x0000000703800000|  0%| F|  |TAMS 0x0000000703600000, 0x0000000703600000| Untracked 
|  23|0x0000000703800000, 0x0000000703800000, 0x0000000703a00000|  0%| F|  |TAMS 0x0000000703800000, 0x0000000703800000| Untracked 
|  24|0x0000000703a00000, 0x0000000703a00000, 0x0000000703c00000|  0%| F|  |TAMS 0x0000000703a00000, 0x0000000703a00000| Untracked 
|  25|0x0000000703c00000, 0x0000000703c00000, 0x0000000703e00000|  0%| F|  |TAMS 0x0000000703c00000, 0x0000000703c00000| Untracked 
|  26|0x0000000703e00000, 0x0000000703e00000, 0x0000000704000000|  0%| F|  |TAMS 0x0000000703e00000, 0x0000000703e00000| Untracked 
|  27|0x0000000704000000, 0x0000000704000000, 0x0000000704200000|  0%| F|  |TAMS 0x0000000704000000, 0x0000000704000000| Untracked 
|  28|0x0000000704200000, 0x0000000704200000, 0x0000000704400000|  0%| F|  |TAMS 0x0000000704200000, 0x0000000704200000| Untracked 
|  29|0x0000000704400000, 0x0000000704400000, 0x0000000704600000|  0%| F|  |TAMS 0x0000000704400000, 0x0000000704400000| Untracked 
|  30|0x0000000704600000, 0x0000000704600000, 0x0000000704800000|  0%| F|  |TAMS 0x0000000704600000, 0x0000000704600000| Untracked 
|  31|0x0000000704800000, 0x0000000704800000, 0x0000000704a00000|  0%| F|  |TAMS 0x0000000704800000, 0x0000000704800000| Untracked 
|  32|0x0000000704a00000, 0x0000000704a00000, 0x0000000704c00000|  0%| F|  |TAMS 0x0000000704a00000, 0x0000000704a00000| Untracked 
|  33|0x0000000704c00000, 0x0000000704c00000, 0x0000000704e00000|  0%| F|  |TAMS 0x0000000704c00000, 0x0000000704c00000| Untracked 
|  34|0x0000000704e00000, 0x0000000704e00000, 0x0000000705000000|  0%| F|  |TAMS 0x0000000704e00000, 0x0000000704e00000| Untracked 
|  35|0x0000000705000000, 0x0000000705000000, 0x0000000705200000|  0%| F|  |TAMS 0x0000000705000000, 0x0000000705000000| Untracked 
|  36|0x0000000705200000, 0x0000000705200000, 0x0000000705400000|  0%| F|  |TAMS 0x0000000705200000, 0x0000000705200000| Untracked 
|  37|0x0000000705400000, 0x0000000705400000, 0x0000000705600000|  0%| F|  |TAMS 0x0000000705400000, 0x0000000705400000| Untracked 
|  38|0x0000000705600000, 0x0000000705600000, 0x0000000705800000|  0%| F|  |TAMS 0x0000000705600000, 0x0000000705600000| Untracked 
|  39|0x0000000705800000, 0x0000000705800000, 0x0000000705a00000|  0%| F|  |TAMS 0x0000000705800000, 0x0000000705800000| Untracked 
|  40|0x0000000705a00000, 0x0000000705a00000, 0x0000000705c00000|  0%| F|  |TAMS 0x0000000705a00000, 0x0000000705a00000| Untracked 
|  41|0x0000000705c00000, 0x0000000705c00000, 0x0000000705e00000|  0%| F|  |TAMS 0x0000000705c00000, 0x0000000705c00000| Untracked 
|  42|0x0000000705e00000, 0x0000000705e00000, 0x0000000706000000|  0%| F|  |TAMS 0x0000000705e00000, 0x0000000705e00000| Untracked 
|  43|0x0000000706000000, 0x0000000706000000, 0x0000000706200000|  0%| F|  |TAMS 0x0000000706000000, 0x0000000706000000| Untracked 
|  44|0x0000000706200000, 0x0000000706200000, 0x0000000706400000|  0%| F|  |TAMS 0x0000000706200000, 0x0000000706200000| Untracked 
|  45|0x0000000706400000, 0x0000000706400000, 0x0000000706600000|  0%| F|  |TAMS 0x0000000706400000, 0x0000000706400000| Untracked 
|  46|0x0000000706600000, 0x0000000706600000, 0x0000000706800000|  0%| F|  |TAMS 0x0000000706600000, 0x0000000706600000| Untracked 
|  47|0x0000000706800000, 0x0000000706800000, 0x0000000706a00000|  0%| F|  |TAMS 0x0000000706800000, 0x0000000706800000| Untracked 
|  48|0x0000000706a00000, 0x0000000706a00000, 0x0000000706c00000|  0%| F|  |TAMS 0x0000000706a00000, 0x0000000706a00000| Untracked 
|  49|0x0000000706c00000, 0x0000000706c00000, 0x0000000706e00000|  0%| F|  |TAMS 0x0000000706c00000, 0x0000000706c00000| Untracked 
|  50|0x0000000706e00000, 0x0000000706e00000, 0x0000000707000000|  0%| F|  |TAMS 0x0000000706e00000, 0x0000000706e00000| Untracked 
|  51|0x0000000707000000, 0x0000000707000000, 0x0000000707200000|  0%| F|  |TAMS 0x0000000707000000, 0x0000000707000000| Untracked 
|  52|0x0000000707200000, 0x0000000707200000, 0x0000000707400000|  0%| F|  |TAMS 0x0000000707200000, 0x0000000707200000| Untracked 
|  53|0x0000000707400000, 0x0000000707400000, 0x0000000707600000|  0%| F|  |TAMS 0x0000000707400000, 0x0000000707400000| Untracked 
|  54|0x0000000707600000, 0x0000000707600000, 0x0000000707800000|  0%| F|  |TAMS 0x0000000707600000, 0x0000000707600000| Untracked 
|  55|0x0000000707800000, 0x0000000707800000, 0x0000000707a00000|  0%| F|  |TAMS 0x0000000707800000, 0x0000000707800000| Untracked 
|  56|0x0000000707a00000, 0x0000000707a00000, 0x0000000707c00000|  0%| F|  |TAMS 0x0000000707a00000, 0x0000000707a00000| Untracked 
|  57|0x0000000707c00000, 0x0000000707c00000, 0x0000000707e00000|  0%| F|  |TAMS 0x0000000707c00000, 0x0000000707c00000| Untracked 
|  58|0x0000000707e00000, 0x0000000707e00000, 0x0000000708000000|  0%| F|  |TAMS 0x0000000707e00000, 0x0000000707e00000| Untracked 
|  59|0x0000000708000000, 0x0000000708000000, 0x0000000708200000|  0%| F|  |TAMS 0x0000000708000000, 0x0000000708000000| Untracked 
|  60|0x0000000708200000, 0x0000000708200000, 0x0000000708400000|  0%| F|  |TAMS 0x0000000708200000, 0x0000000708200000| Untracked 
|  61|0x0000000708400000, 0x0000000708400000, 0x0000000708600000|  0%| F|  |TAMS 0x0000000708400000, 0x0000000708400000| Untracked 
|  62|0x0000000708600000, 0x0000000708600000, 0x0000000708800000|  0%| F|  |TAMS 0x0000000708600000, 0x0000000708600000| Untracked 
|  63|0x0000000708800000, 0x0000000708800000, 0x0000000708a00000|  0%| F|  |TAMS 0x0000000708800000, 0x0000000708800000| Untracked 
|  64|0x0000000708a00000, 0x0000000708a00000, 0x0000000708c00000|  0%| F|  |TAMS 0x0000000708a00000, 0x0000000708a00000| Untracked 
|  65|0x0000000708c00000, 0x0000000708c00000, 0x0000000708e00000|  0%| F|  |TAMS 0x0000000708c00000, 0x0000000708c00000| Untracked 
|  66|0x0000000708e00000, 0x0000000708e00000, 0x0000000709000000|  0%| F|  |TAMS 0x0000000708e00000, 0x0000000708e00000| Untracked 
|  67|0x0000000709000000, 0x0000000709000000, 0x0000000709200000|  0%| F|  |TAMS 0x0000000709000000, 0x0000000709000000| Untracked 
|  68|0x0000000709200000, 0x0000000709200000, 0x0000000709400000|  0%| F|  |TAMS 0x0000000709200000, 0x0000000709200000| Untracked 
|  69|0x0000000709400000, 0x0000000709400000, 0x0000000709600000|  0%| F|  |TAMS 0x0000000709400000, 0x0000000709400000| Untracked 
|  70|0x0000000709600000, 0x0000000709600000, 0x0000000709800000|  0%| F|  |TAMS 0x0000000709600000, 0x0000000709600000| Untracked 
|  71|0x0000000709800000, 0x0000000709800000, 0x0000000709a00000|  0%| F|  |TAMS 0x0000000709800000, 0x0000000709800000| Untracked 
|  72|0x0000000709a00000, 0x0000000709a00000, 0x0000000709c00000|  0%| F|  |TAMS 0x0000000709a00000, 0x0000000709a00000| Untracked 
|  73|0x0000000709c00000, 0x0000000709c00000, 0x0000000709e00000|  0%| F|  |TAMS 0x0000000709c00000, 0x0000000709c00000| Untracked 
|  74|0x0000000709e00000, 0x0000000709e00000, 0x000000070a000000|  0%| F|  |TAMS 0x0000000709e00000, 0x0000000709e00000| Untracked 
|  75|0x000000070a000000, 0x000000070a000000, 0x000000070a200000|  0%| F|  |TAMS 0x000000070a000000, 0x000000070a000000| Untracked 
|  76|0x000000070a200000, 0x000000070a200000, 0x000000070a400000|  0%| F|  |TAMS 0x000000070a200000, 0x000000070a200000| Untracked 
|  77|0x000000070a400000, 0x000000070a400000, 0x000000070a600000|  0%| F|  |TAMS 0x000000070a400000, 0x000000070a400000| Untracked 
|  78|0x000000070a600000, 0x000000070a600000, 0x000000070a800000|  0%| F|  |TAMS 0x000000070a600000, 0x000000070a600000| Untracked 
|  79|0x000000070a800000, 0x000000070a800000, 0x000000070aa00000|  0%| F|  |TAMS 0x000000070a800000, 0x000000070a800000| Untracked 
|  80|0x000000070aa00000, 0x000000070aa00000, 0x000000070ac00000|  0%| F|  |TAMS 0x000000070aa00000, 0x000000070aa00000| Untracked 
|  81|0x000000070ac00000, 0x000000070ac00000, 0x000000070ae00000|  0%| F|  |TAMS 0x000000070ac00000, 0x000000070ac00000| Untracked 
|  82|0x000000070ae00000, 0x000000070ae00000, 0x000000070b000000|  0%| F|  |TAMS 0x000000070ae00000, 0x000000070ae00000| Untracked 
|  83|0x000000070b000000, 0x000000070b000000, 0x000000070b200000|  0%| F|  |TAMS 0x000000070b000000, 0x000000070b000000| Untracked 
|  84|0x000000070b200000, 0x000000070b200000, 0x000000070b400000|  0%| F|  |TAMS 0x000000070b200000, 0x000000070b200000| Untracked 
|  85|0x000000070b400000, 0x000000070b400000, 0x000000070b600000|  0%| F|  |TAMS 0x000000070b400000, 0x000000070b400000| Untracked 
|  86|0x000000070b600000, 0x000000070b600000, 0x000000070b800000|  0%| F|  |TAMS 0x000000070b600000, 0x000000070b600000| Untracked 
|  87|0x000000070b800000, 0x000000070b800000, 0x000000070ba00000|  0%| F|  |TAMS 0x000000070b800000, 0x000000070b800000| Untracked 
|  88|0x000000070ba00000, 0x000000070ba00000, 0x000000070bc00000|  0%| F|  |TAMS 0x000000070ba00000, 0x000000070ba00000| Untracked 
|  89|0x000000070bc00000, 0x000000070bc00000, 0x000000070be00000|  0%| F|  |TAMS 0x000000070bc00000, 0x000000070bc00000| Untracked 
|  90|0x000000070be00000, 0x000000070be00000, 0x000000070c000000|  0%| F|  |TAMS 0x000000070be00000, 0x000000070be00000| Untracked 
|  91|0x000000070c000000, 0x000000070c000000, 0x000000070c200000|  0%| F|  |TAMS 0x000000070c000000, 0x000000070c000000| Untracked 
|  92|0x000000070c200000, 0x000000070c200000, 0x000000070c400000|  0%| F|  |TAMS 0x000000070c200000, 0x000000070c200000| Untracked 
|  93|0x000000070c400000, 0x000000070c400000, 0x000000070c600000|  0%| F|  |TAMS 0x000000070c400000, 0x000000070c400000| Untracked 
|  94|0x000000070c600000, 0x000000070c600000, 0x000000070c800000|  0%| F|  |TAMS 0x000000070c600000, 0x000000070c600000| Untracked 
|  95|0x000000070c800000, 0x000000070c800000, 0x000000070ca00000|  0%| F|  |TAMS 0x000000070c800000, 0x000000070c800000| Untracked 
|  96|0x000000070ca00000, 0x000000070ca00000, 0x000000070cc00000|  0%| F|  |TAMS 0x000000070ca00000, 0x000000070ca00000| Untracked 
|  97|0x000000070cc00000, 0x000000070cc00000, 0x000000070ce00000|  0%| F|  |TAMS 0x000000070cc00000, 0x000000070cc00000| Untracked 
|  98|0x000000070ce00000, 0x000000070ce00000, 0x000000070d000000|  0%| F|  |TAMS 0x000000070ce00000, 0x000000070ce00000| Untracked 
|  99|0x000000070d000000, 0x000000070d000000, 0x000000070d200000|  0%| F|  |TAMS 0x000000070d000000, 0x000000070d000000| Untracked 
| 100|0x000000070d200000, 0x000000070d200000, 0x000000070d400000|  0%| F|  |TAMS 0x000000070d200000, 0x000000070d200000| Untracked 
| 101|0x000000070d400000, 0x000000070d400000, 0x000000070d600000|  0%| F|  |TAMS 0x000000070d400000, 0x000000070d400000| Untracked 
| 102|0x000000070d600000, 0x000000070d600000, 0x000000070d800000|  0%| F|  |TAMS 0x000000070d600000, 0x000000070d600000| Untracked 
| 103|0x000000070d800000, 0x000000070d800000, 0x000000070da00000|  0%| F|  |TAMS 0x000000070d800000, 0x000000070d800000| Untracked 
| 104|0x000000070da00000, 0x000000070da00000, 0x000000070dc00000|  0%| F|  |TAMS 0x000000070da00000, 0x000000070da00000| Untracked 
| 105|0x000000070dc00000, 0x000000070dc00000, 0x000000070de00000|  0%| F|  |TAMS 0x000000070dc00000, 0x000000070dc00000| Untracked 
| 106|0x000000070de00000, 0x000000070de00000, 0x000000070e000000|  0%| F|  |TAMS 0x000000070de00000, 0x000000070de00000| Untracked 
| 107|0x000000070e000000, 0x000000070e000000, 0x000000070e200000|  0%| F|  |TAMS 0x000000070e000000, 0x000000070e000000| Untracked 
| 108|0x000000070e200000, 0x000000070e200000, 0x000000070e400000|  0%| F|  |TAMS 0x000000070e200000, 0x000000070e200000| Untracked 
| 109|0x000000070e400000, 0x000000070e400000, 0x000000070e600000|  0%| F|  |TAMS 0x000000070e400000, 0x000000070e400000| Untracked 
| 110|0x000000070e600000, 0x000000070e600000, 0x000000070e800000|  0%| F|  |TAMS 0x000000070e600000, 0x000000070e600000| Untracked 
| 111|0x000000070e800000, 0x000000070e800000, 0x000000070ea00000|  0%| F|  |TAMS 0x000000070e800000, 0x000000070e800000| Untracked 
| 112|0x000000070ea00000, 0x000000070ea00000, 0x000000070ec00000|  0%| F|  |TAMS 0x000000070ea00000, 0x000000070ea00000| Untracked 
| 113|0x000000070ec00000, 0x000000070ec00000, 0x000000070ee00000|  0%| F|  |TAMS 0x000000070ec00000, 0x000000070ec00000| Untracked 
| 114|0x000000070ee00000, 0x000000070ee00000, 0x000000070f000000|  0%| F|  |TAMS 0x000000070ee00000, 0x000000070ee00000| Untracked 
| 115|0x000000070f000000, 0x000000070f000000, 0x000000070f200000|  0%| F|  |TAMS 0x000000070f000000, 0x000000070f000000| Untracked 
| 116|0x000000070f200000, 0x000000070f200000, 0x000000070f400000|  0%| F|  |TAMS 0x000000070f200000, 0x000000070f200000| Untracked 
| 117|0x000000070f400000, 0x000000070f400000, 0x000000070f600000|  0%| F|  |TAMS 0x000000070f400000, 0x000000070f400000| Untracked 
| 118|0x000000070f600000, 0x000000070f600000, 0x000000070f800000|  0%| F|  |TAMS 0x000000070f600000, 0x000000070f600000| Untracked 
| 119|0x000000070f800000, 0x000000070f800000, 0x000000070fa00000|  0%| F|  |TAMS 0x000000070f800000, 0x000000070f800000| Untracked 
| 120|0x000000070fa00000, 0x000000070fa00000, 0x000000070fc00000|  0%| F|  |TAMS 0x000000070fa00000, 0x000000070fa00000| Untracked 
| 121|0x000000070fc00000, 0x000000070fc00000, 0x000000070fe00000|  0%| F|  |TAMS 0x000000070fc00000, 0x000000070fc00000| Untracked 
| 122|0x000000070fe00000, 0x000000070fe00000, 0x0000000710000000|  0%| F|  |TAMS 0x000000070fe00000, 0x000000070fe00000| Untracked 
| 123|0x0000000710000000, 0x0000000710154540, 0x0000000710200000| 66%| E|  |TAMS 0x0000000710000000, 0x0000000710000000| Complete 
| 124|0x0000000710200000, 0x0000000710400000, 0x0000000710400000|100%| E|CS|TAMS 0x0000000710200000, 0x0000000710200000| Complete 
| 125|0x0000000710400000, 0x0000000710600000, 0x0000000710600000|100%| E|  |TAMS 0x0000000710400000, 0x0000000710400000| Complete 
| 126|0x0000000710600000, 0x0000000710800000, 0x0000000710800000|100%| E|CS|TAMS 0x0000000710600000, 0x0000000710600000| Complete 
| 127|0x0000000710800000, 0x0000000710a00000, 0x0000000710a00000|100%| E|CS|TAMS 0x0000000710800000, 0x0000000710800000| Complete 

Card table byte_map: [0x000001f83bae0000,0x000001f83c2e0000] _byte_map_base: 0x000001f8382db000

Marking Bits (Prev, Next): (CMBitMap*) 0x000001f8243fd780, (CMBitMap*) 0x000001f8243fd7c0
 Prev Bits: [0x000001f83cae0000, 0x000001f840ab8000)
 Next Bits: [0x000001f840ac0000, 0x000001f844a98000)

Polling page: 0x000001f823b50000

Metaspace:

Usage:
  Non-class:      2.04 MB used.
      Class:    187.70 KB used.
       Both:      2.23 MB used.

Virtual space:
  Non-class space:       64.00 MB reserved,       2.12 MB (  3%) committed,  1 nodes.
      Class space:        1.00 GB reserved,     256.00 KB ( <1%) committed,  1 nodes.
             Both:        1.06 GB reserved,       2.38 MB ( <1%) committed. 

Chunk freelists:
   Non-Class:  3.25 MB
       Class:  3.63 MB
        Both:  6.88 MB

MaxMetaspaceSize: unlimited
CompressedClassSpaceSize: 1.00 GB
Initial GC threshold: 21.00 MB
Current GC threshold: 21.00 MB
CDS: on
MetaspaceReclaimPolicy: balanced
 - commit_granule_bytes: 65536.
 - commit_granule_words: 8192.
 - virtual_space_node_default_size: 8388608.
 - enlarge_chunks_in_place: 1.
 - new_chunks_are_fully_committed: 0.
 - uncommit_free_chunks: 1.
 - use_allocation_guard: 0.


Internal statistics:

num_allocs_failed_limit: 0.
num_arena_births: 92.
num_arena_deaths: 0.
num_vsnodes_births: 2.
num_vsnodes_deaths: 0.
num_space_committed: 38.
num_space_uncommitted: 0.
num_chunks_returned_to_freelist: 0.
num_chunks_taken_from_freelist: 140.
num_chunk_merges: 0.
num_chunk_splits: 90.
num_chunks_enlarged: 59.
num_inconsistent_stats: 0.

CodeHeap 'non-profiled nmethods': size=120000Kb used=202Kb max_used=202Kb free=119797Kb
 bounds [0x000001f833db0000, 0x000001f834020000, 0x000001f83b2e0000]
CodeHeap 'profiled nmethods': size=120000Kb used=845Kb max_used=845Kb free=119154Kb
 bounds [0x000001f82c2e0000, 0x000001f82c550000, 0x000001f833810000]
CodeHeap 'non-nmethods': size=5760Kb used=1298Kb max_used=1312Kb free=4461Kb
 bounds [0x000001f833810000, 0x000001f833a80000, 0x000001f833db0000]
 total_blobs=1046 nmethods=606 adapters=351
 compilation: enabled
              stopped_count=0, restarted_count=0
 full_count=0

Compilation events (20 events):
Event: 2.754 Thread 0x000001f846fb4bf0  597       3       java.util.regex.Pattern$BmpCharProperty::match (55 bytes)
Event: 2.755 Thread 0x000001f846fb4bf0 nmethod 597 0x000001f82c3ad510 code [0x000001f82c3ad700, 0x000001f82c3adbc8]
Event: 2.755 Thread 0x000001f846fb4bf0  598       3       java.util.regex.Pattern$$Lambda$18/0x800000028::is (9 bytes)
Event: 2.755 Thread 0x000001f846fb4bf0 nmethod 598 0x000001f82c3add10 code [0x000001f82c3adec0, 0x000001f82c3ae098]
Event: 2.755 Thread 0x000001f846fb4bf0  599   !   3       jdk.internal.loader.BuiltinClassLoader::loadClassOrNull (143 bytes)
Event: 2.756 Thread 0x000001f846fb4bf0 nmethod 599 0x000001f82c3ae190 code [0x000001f82c3ae460, 0x000001f82c3af448]
Event: 2.756 Thread 0x000001f846fb4bf0  600       3       java.lang.ClassLoader::getClassLoadingLock (35 bytes)
Event: 2.756 Thread 0x000001f846fb4bf0 nmethod 600 0x000001f82c3afb10 code [0x000001f82c3afce0, 0x000001f82c3affe8]
Event: 2.756 Thread 0x000001f846fb4bf0  601       3       java.net.URL::isBuiltinStreamHandler (32 bytes)
Event: 2.757 Thread 0x000001f846fb4bf0 nmethod 601 0x000001f82c3b0190 code [0x000001f82c3b03e0, 0x000001f82c3b0c98]
Event: 2.759 Thread 0x000001f846fb4bf0  602       3       jdk.internal.jimage.ImageStringsReader::hashCode (33 bytes)
Event: 2.759 Thread 0x000001f846fb4bf0 nmethod 602 0x000001f82c3b1010 code [0x000001f82c3b11c0, 0x000001f82c3b1338]
Event: 2.759 Thread 0x000001f846fb4bf0  603   !   3       java.nio.DirectIntBufferU::get (34 bytes)
Event: 2.759 Thread 0x000001f846fb4bf0 nmethod 603 0x000001f82c3b1410 code [0x000001f82c3b1660, 0x000001f82c3b2058]
Event: 2.759 Thread 0x000001f846fb4bf0  604       3       java.nio.DirectIntBufferU::ix (10 bytes)
Event: 2.759 Thread 0x000001f846fb4bf0 nmethod 604 0x000001f82c3b2590 code [0x000001f82c3b2720, 0x000001f82c3b2838]
Event: 2.759 Thread 0x000001f846fb4bf0  605   !   3       jdk.internal.misc.ScopedMemoryAccess::getInt (16 bytes)
Event: 2.760 Thread 0x000001f846fb4bf0 nmethod 605 0x000001f82c3b2910 code [0x000001f82c3b2b00, 0x000001f82c3b2f18]
Event: 2.760 Thread 0x000001f846fb4bf0  606   !   3       jdk.internal.misc.ScopedMemoryAccess::getIntInternal (34 bytes)
Event: 2.760 Thread 0x000001f846fb4bf0 nmethod 606 0x000001f82c3b3190 code [0x000001f82c3b3360, 0x000001f82c3b3608]

GC Heap History (0 events):
No events

Dll operation events (9 events):
Event: 1.280 Loaded shared library D:\jdk19\bin\java.dll
Event: 1.280 Loaded shared library D:\jdk19\bin\zip.dll
Event: 1.287 Loaded shared library D:\jdk19\bin\jsvml.dll
Event: 2.289 Loaded shared library D:\jdk19\bin\instrument.dll
Event: 2.421 Loaded shared library D:\jdk19\bin\net.dll
Event: 2.422 Loaded shared library D:\jdk19\bin\nio.dll
Event: 2.447 Loaded shared library D:\jdk19\bin\zip.dll
Event: 2.564 Loaded shared library D:\jdk19\bin\jimage.dll
Event: 2.616 Loaded shared library C:\Users\saky-hp-n\AppData\Local\Temp\lwjglsaky-hp-n\3.3.1-build-7\lwjgl.dll

Deoptimization events (20 events):
Event: 2.607 Thread 0x000001f824389680 DEOPT PACKING pc=0x000001f833dd3f88 sp=0x00000097a36fbbd0
Event: 2.607 Thread 0x000001f824389680 DEOPT UNPACKING pc=0x000001f833876da3 sp=0x00000097a36fbb68 mode 2
Event: 2.607 Thread 0x000001f824389680 DEOPT PACKING pc=0x000001f82c3058ea sp=0x00000097a36fb820
Event: 2.607 Thread 0x000001f824389680 DEOPT UNPACKING pc=0x000001f833877543 sp=0x00000097a36fac40 mode 0
Event: 2.628 Thread 0x000001f824389680 Uncommon trap: trap_request=0xffffffbe fr.pc=0x000001f833dccd5c relative=0x000000000000059c
Event: 2.628 Thread 0x000001f824389680 Uncommon trap: reason=profile_predicate action=maybe_recompile pc=0x000001f833dccd5c method=jdk.internal.org.objectweb.asm.ByteVector.putUTF8(Ljava/lang/String;)Ljdk/internal/org/objectweb/asm/ByteVector; @ 79 c2
Event: 2.628 Thread 0x000001f824389680 DEOPT PACKING pc=0x000001f833dccd5c sp=0x00000097a36fc220
Event: 2.628 Thread 0x000001f824389680 DEOPT UNPACKING pc=0x000001f833876da3 sp=0x00000097a36fc1a0 mode 2
Event: 2.628 Thread 0x000001f824389680 Uncommon trap: trap_request=0xffffffbe fr.pc=0x000001f833dccd5c relative=0x000000000000059c
Event: 2.628 Thread 0x000001f824389680 Uncommon trap: reason=profile_predicate action=maybe_recompile pc=0x000001f833dccd5c method=jdk.internal.org.objectweb.asm.ByteVector.putUTF8(Ljava/lang/String;)Ljdk/internal/org/objectweb/asm/ByteVector; @ 79 c2
Event: 2.628 Thread 0x000001f824389680 DEOPT PACKING pc=0x000001f833dccd5c sp=0x00000097a36fc290
Event: 2.628 Thread 0x000001f824389680 DEOPT UNPACKING pc=0x000001f833876da3 sp=0x00000097a36fc210 mode 2
Event: 2.628 Thread 0x000001f824389680 Uncommon trap: trap_request=0xffffffbe fr.pc=0x000001f833dccd5c relative=0x000000000000059c
Event: 2.628 Thread 0x000001f824389680 Uncommon trap: reason=profile_predicate action=maybe_recompile pc=0x000001f833dccd5c method=jdk.internal.org.objectweb.asm.ByteVector.putUTF8(Ljava/lang/String;)Ljdk/internal/org/objectweb/asm/ByteVector; @ 79 c2
Event: 2.628 Thread 0x000001f824389680 DEOPT PACKING pc=0x000001f833dccd5c sp=0x00000097a36fc3c0
Event: 2.628 Thread 0x000001f824389680 DEOPT UNPACKING pc=0x000001f833876da3 sp=0x00000097a36fc340 mode 2
Event: 2.628 Thread 0x000001f824389680 Uncommon trap: trap_request=0xffffffbe fr.pc=0x000001f833dccd5c relative=0x000000000000059c
Event: 2.628 Thread 0x000001f824389680 Uncommon trap: reason=profile_predicate action=maybe_recompile pc=0x000001f833dccd5c method=jdk.internal.org.objectweb.asm.ByteVector.putUTF8(Ljava/lang/String;)Ljdk/internal/org/objectweb/asm/ByteVector; @ 79 c2
Event: 2.628 Thread 0x000001f824389680 DEOPT PACKING pc=0x000001f833dccd5c sp=0x00000097a36fc270
Event: 2.628 Thread 0x000001f824389680 DEOPT UNPACKING pc=0x000001f833876da3 sp=0x00000097a36fc1f0 mode 2

Classes loaded (20 events):
Event: 2.747 Loading class org/lwjgl/glfw/GLFW
Event: 2.747 Loading class org/lwjgl/glfw/GLFW done
Event: 2.749 Loading class org/lwjgl/glfw/GLFWImage$Buffer
Event: 2.749 Loading class org/lwjgl/glfw/GLFWImage$Buffer done
Event: 2.750 Loading class org/lwjgl/system/StructBuffer
Event: 2.750 Loading class org/lwjgl/system/StructBuffer done
Event: 2.755 Loading class org/lwjgl/system/APIUtil$1
Event: 2.755 Loading class org/lwjgl/system/APIUtil$1 done
Event: 2.755 Loading class java/lang/NoSuchFieldError
Event: 2.755 Loading class java/lang/NoSuchFieldError done
Event: 2.755 Loading class org/lwjgl/system/windows/WindowsLibrary
Event: 2.755 Loading class org/lwjgl/system/windows/WindowsLibrary done
Event: 2.756 Loading class org/lwjgl/system/SharedLibrary$Default
Event: 2.756 Loading class org/lwjgl/system/SharedLibrary$Default done
Event: 2.756 Loading class org/lwjgl/system/windows/WinBase
Event: 2.756 Loading class org/lwjgl/system/windows/WinBase done
Event: 2.757 Loading class org/lwjgl/system/ThreadLocalUtil
Event: 2.757 Loading class org/lwjgl/system/ThreadLocalUtil done
Event: 2.759 Loading class jdk/internal/reflect/MethodHandleIntegerFieldAccessorImpl
Event: 2.759 Loading class jdk/internal/reflect/MethodHandleIntegerFieldAccessorImpl done

Classes unloaded (0 events):
No events

Classes redefined (0 events):
No events

Internal exceptions (20 events):
Event: 2.291 Thread 0x000001f824389680 Exception <a 'java/lang/NoSuchMethodError'{0x000000071063a028}: 'void java.lang.invoke.DirectMethodHandle$Holder.invokeStatic(java.lang.Object, java.lang.Object, java.lang.Object)'> (0x000000071063a028) 
thrown [s\open\src\hotspot\share\interpreter\linkResolver.cpp, line 774]
Event: 2.302 Thread 0x000001f824389680 Exception <a 'java/lang/NoSuchMethodError'{0x000000071068ff90}: 'java.lang.Object java.lang.invoke.Invokers$Holder.invokeExact_MT(java.lang.Object, java.lang.Object, java.lang.Object, java.lang.Object, java.lang.Object)'> (0x000000071068ff90) 
thrown [s\open\src\hotspot\share\interpreter\linkResolver.cpp, line 774]
Event: 2.495 Thread 0x000001f824389680 Exception <a 'java/lang/NoSuchMethodError'{0x00000007104adfe8}: 'java.lang.Object java.lang.invoke.DirectMethodHandle$Holder.invokeStaticInit(java.lang.Object)'> (0x00000007104adfe8) 
thrown [s\open\src\hotspot\share\interpreter\linkResolver.cpp, line 774]
Event: 2.511 Thread 0x000001f824389680 Exception <a 'java/lang/NoSuchMethodError'{0x0000000710519890}: 'void java.lang.invoke.DirectMethodHandle$Holder.invokeStatic(java.lang.Object, java.lang.Object)'> (0x0000000710519890) 
thrown [s\open\src\hotspot\share\interpreter\linkResolver.cpp, line 774]
Event: 2.522 Thread 0x000001f824389680 Exception <a 'java/lang/NoSuchMethodError'{0x0000000710524150}: 'void java.lang.System.load(java.lang.String, java.lang.Class)'> (0x0000000710524150) 
thrown [s\open\src\hotspot\share\interpreter\linkResolver.cpp, line 774]
Event: 2.523 Thread 0x000001f824389680 Exception <a 'java/lang/NoSuchMethodError'{0x0000000710524b50}: 'void java.lang.invoke.DirectMethodHandle$Holder.invokeSpecial(java.lang.Object, java.lang.Object, java.lang.Object)'> (0x0000000710524b50) 
thrown [s\open\src\hotspot\share\interpreter\linkResolver.cpp, line 774]
Event: 2.527 Thread 0x000001f824389680 Exception <a 'java/lang/NoSuchMethodError'{0x00000007105393e0}: 'java.lang.Object java.lang.invoke.DirectMethodHandle$Holder.invokeStatic(java.lang.Object, java.lang.Object, int)'> (0x00000007105393e0) 
thrown [s\open\src\hotspot\share\interpreter\linkResolver.cpp, line 774]
Event: 2.529 Thread 0x000001f824389680 Exception <a 'java/lang/NoSuchMethodError'{0x0000000710545160}: 'void java.lang.invoke.DelegatingMethodHandle$Holder.delegate(java.lang.Object, java.lang.Object, int, java.lang.Object)'> (0x0000000710545160) 
thrown [s\open\src\hotspot\share\interpreter\linkResolver.cpp, line 774]
Event: 2.529 Thread 0x000001f824389680 Exception <a 'java/lang/NoSuchMethodError'{0x0000000710549160}: 'int java.lang.invoke.DirectMethodHandle$Holder.invokeSpecial(java.lang.Object, java.lang.Object, java.lang.Object)'> (0x0000000710549160) 
thrown [s\open\src\hotspot\share\interpreter\linkResolver.cpp, line 774]
Event: 2.541 Thread 0x000001f824389680 Exception <a 'java/lang/NoSuchMethodError'{0x0000000710566718}: 'void java.lang.System.loadLibrary(java.lang.String, java.lang.Class)'> (0x0000000710566718) 
thrown [s\open\src\hotspot\share\interpreter\linkResolver.cpp, line 774]
Event: 2.615 Thread 0x000001f824389680 Exception <a 'sun/nio/fs/WindowsException'{0x0000000710375140}> (0x0000000710375140) 
thrown [s\open\src\hotspot\share\prims\jni.cpp, line 517]
Event: 2.615 Thread 0x000001f824389680 Exception <a 'sun/nio/fs/WindowsException'{0x0000000710376798}> (0x0000000710376798) 
thrown [s\open\src\hotspot\share\prims\jni.cpp, line 517]
Event: 2.632 Thread 0x000001f824389680 Exception <a 'java/lang/NoSuchMethodError'{0x000000071000a8a0}: 'int java.lang.invoke.DirectMethodHandle$Holder.invokeStaticInit(java.lang.Object, java.lang.Object, int, long)'> (0x000000071000a8a0) 
thrown [s\open\src\hotspot\share\interpreter\linkResolver.cpp, line 774]
Event: 2.633 Thread 0x000001f824389680 Exception <a 'java/lang/NoSuchMethodError'{0x0000000710010170}: 'java.lang.Object java.lang.invoke.DirectMethodHandle$Holder.newInvokeSpecial(java.lang.Object, java.lang.Object, int)'> (0x0000000710010170) 
thrown [s\open\src\hotspot\share\interpreter\linkResolver.cpp, line 774]
Event: 2.635 Thread 0x000001f824389680 Exception <a 'java/lang/NoSuchMethodError'{0x0000000710024638}: 'int java.lang.invoke.DirectMethodHandle$Holder.invokeStaticInit(java.lang.Object, java.lang.Object, long, long)'> (0x0000000710024638) 
thrown [s\open\src\hotspot\share\interpreter\linkResolver.cpp, line 774]
Event: 2.636 Thread 0x000001f824389680 Exception <a 'java/lang/NoSuchMethodError'{0x000000071002a750}: 'java.lang.Object java.lang.invoke.DirectMethodHandle$Holder.newInvokeSpecial(java.lang.Object, java.lang.Object, long)'> (0x000000071002a750) 
thrown [s\open\src\hotspot\share\interpreter\linkResolver.cpp, line 774]
Event: 2.636 Thread 0x000001f824389680 Exception <a 'java/lang/NoSuchMethodError'{0x000000071002e7b0}: 'java.lang.Object java.lang.invoke.Invokers$Holder.linkToTargetMethod(java.lang.Object, long, java.lang.Object)'> (0x000000071002e7b0) 
thrown [s\open\src\hotspot\share\interpreter\linkResolver.cpp, line 774]
Event: 2.637 Thread 0x000001f824389680 Exception <a 'java/lang/NoSuchMethodError'{0x0000000710035d38}: 'int java.lang.invoke.DirectMethodHandle$Holder.invokeStaticInit(java.lang.Object, java.lang.Object, java.lang.Object, long)'> (0x0000000710035d38) 
thrown [s\open\src\hotspot\share\interpreter\linkResolver.cpp, line 774]
Event: 2.754 Thread 0x000001f824389680 Exception <a 'sun/nio/fs/WindowsException'{0x000000071013b2f0}> (0x000000071013b2f0) 
thrown [s\open\src\hotspot\share\prims\jni.cpp, line 517]
Event: 2.754 Thread 0x000001f824389680 Exception <a 'sun/nio/fs/WindowsException'{0x000000071013b680}> (0x000000071013b680) 
thrown [s\open\src\hotspot\share\prims\jni.cpp, line 517]

VM Operations (12 events):
Event: 1.337 Executing VM operation: HandshakeAllThreads
Event: 1.337 Executing VM operation: HandshakeAllThreads done
Event: 1.521 Executing VM operation: ChangeBreakpoints
Event: 1.521 Executing VM operation: ChangeBreakpoints done
Event: 2.285 Executing VM operation: ChangeBreakpoints
Event: 2.286 Executing VM operation: ChangeBreakpoints done
Event: 2.286 Executing VM operation: ChangeBreakpoints
Event: 2.286 Executing VM operation: ChangeBreakpoints done
Event: 2.731 Executing VM operation: ChangeBreakpoints
Event: 2.731 Executing VM operation: ChangeBreakpoints done
Event: 2.733 Executing VM operation: ChangeBreakpoints
Event: 2.733 Executing VM operation: ChangeBreakpoints done

Events (16 events):
Event: 1.288 Thread 0x000001f824389680 Thread added: 0x000001f824389680
Event: 1.299 Thread 0x000001f846f7bac0 Thread added: 0x000001f846f7bac0
Event: 1.299 Thread 0x000001f846f7c6b0 Thread added: 0x000001f846f7c6b0
Event: 1.299 Thread 0x000001f846f7dca0 Thread added: 0x000001f846f7dca0
Event: 1.299 Thread 0x000001f846f7f5e0 Thread added: 0x000001f846f7f5e0
Event: 1.299 Thread 0x000001f846f81f20 Thread added: 0x000001f846f81f20
Event: 1.299 Thread 0x000001f846fa2ae0 Thread added: 0x000001f846fa2ae0
Event: 1.299 Thread 0x000001f846faf060 Thread added: 0x000001f846faf060
Event: 1.299 Thread 0x000001f846fb4bf0 Thread added: 0x000001f846fb4bf0
Event: 1.299 Thread 0x000001f846fc2a40 Thread added: 0x000001f846fc2a40
Event: 1.332 Thread 0x000001f84b1f2f00 Thread added: 0x000001f84b1f2f00
Event: 1.440 Thread 0x000001f84b31b670 Thread added: 0x000001f84b31b670
Event: 1.441 Thread 0x000001f84b2c4f40 Thread added: 0x000001f84b2c4f40
Event: 1.441 Thread 0x000001f84b2c5490 Thread added: 0x000001f84b2c5490
Event: 2.338 Thread 0x000001f84b2c38f0 Thread added: 0x000001f84b2c38f0
Event: 2.583 Thread 0x000001f846fb6230 Thread added: 0x000001f846fb6230


Dynamic libraries:
0x00007ff6decb0000 - 0x00007ff6decbe000 	D:\jdk19\bin\java.exe
0x00007ffd97390000 - 0x00007ffd97588000 	C:\WINDOWS\SYSTEM32\ntdll.dll
0x00007ffd5ff90000 - 0x00007ffd5ffa6000 	D:\Avast\aswhook.dll
0x00007ffd96bf0000 - 0x00007ffd96caf000 	C:\WINDOWS\System32\KERNEL32.DLL
0x00007ffd94cf0000 - 0x00007ffd94fc2000 	C:\WINDOWS\System32\KERNELBASE.dll
0x00007ffd95180000 - 0x00007ffd95280000 	C:\WINDOWS\System32\ucrtbase.dll
0x00007ffd8b1d0000 - 0x00007ffd8b1eb000 	D:\jdk19\bin\VCRUNTIME140.dll
0x00007ffd8b1f0000 - 0x00007ffd8b207000 	D:\jdk19\bin\jli.dll
0x00007ffd96e10000 - 0x00007ffd96fad000 	C:\WINDOWS\System32\USER32.dll
0x00007ffd95320000 - 0x00007ffd95342000 	C:\WINDOWS\System32\win32u.dll
0x00007ffd81680000 - 0x00007ffd8191a000 	C:\WINDOWS\WinSxS\amd64_microsoft.windows.common-controls_6595b64144ccf1df_6.0.19041.1110_none_60b5254171f9507e\COMCTL32.dll
0x00007ffd970d0000 - 0x00007ffd970fb000 	C:\WINDOWS\System32\GDI32.dll
0x00007ffd972b0000 - 0x00007ffd9734e000 	C:\WINDOWS\System32\msvcrt.dll
0x00007ffd94b30000 - 0x00007ffd94c3f000 	C:\WINDOWS\System32\gdi32full.dll
0x00007ffd94a90000 - 0x00007ffd94b2d000 	C:\WINDOWS\System32\msvcp_win.dll
0x00007ffd96a80000 - 0x00007ffd96ab2000 	C:\WINDOWS\System32\IMM32.DLL
0x00007ffd8b1c0000 - 0x00007ffd8b1cc000 	D:\jdk19\bin\vcruntime140_1.dll
0x00007ffd8b130000 - 0x00007ffd8b1be000 	D:\jdk19\bin\msvcp140.dll
0x00007ffd2e110000 - 0x00007ffd2edd0000 	D:\jdk19\bin\server\jvm.dll
0x00007ffd969d0000 - 0x00007ffd96a7e000 	C:\WINDOWS\System32\ADVAPI32.dll
0x00007ffd95700000 - 0x00007ffd9579c000 	C:\WINDOWS\System32\sechost.dll
0x00007ffd96ac0000 - 0x00007ffd96be5000 	C:\WINDOWS\System32\RPCRT4.dll
0x00007ffd7b720000 - 0x00007ffd7b729000 	C:\WINDOWS\SYSTEM32\WSOCK32.dll
0x00007ffd85fd0000 - 0x00007ffd85ff7000 	C:\WINDOWS\SYSTEM32\WINMM.dll
0x00007ffd960a0000 - 0x00007ffd9610b000 	C:\WINDOWS\System32\WS2_32.dll
0x00007ffd937d0000 - 0x00007ffd937da000 	C:\WINDOWS\SYSTEM32\VERSION.dll
0x00007ffd93790000 - 0x00007ffd937a2000 	C:\WINDOWS\SYSTEM32\kernel.appcore.dll
0x00007ffd8b120000 - 0x00007ffd8b12a000 	D:\jdk19\bin\jimage.dll
0x00007ffd8b8c0000 - 0x00007ffd8baa4000 	C:\WINDOWS\SYSTEM32\DBGHELP.DLL
0x00007ffd8b830000 - 0x00007ffd8b85c000 	C:\WINDOWS\SYSTEM32\dbgcore.DLL
0x00007ffd95350000 - 0x00007ffd953d2000 	C:\WINDOWS\System32\bcryptPrimitives.dll
0x00007ffd58280000 - 0x00007ffd582bc000 	D:\jdk19\bin\jdwp.dll
0x00007ffd6b380000 - 0x00007ffd6b38e000 	D:\jdk19\bin\instrument.dll
0x00007ffd704b0000 - 0x00007ffd704d6000 	D:\jdk19\bin\java.dll
0x00007ffd6d9b0000 - 0x00007ffd6d9c8000 	D:\jdk19\bin\zip.dll
0x00007ffd3f730000 - 0x00007ffd3f807000 	D:\jdk19\bin\jsvml.dll
0x00007ffd96190000 - 0x00007ffd968d3000 	C:\WINDOWS\System32\SHELL32.dll
0x00007ffd92ff0000 - 0x00007ffd93782000 	C:\WINDOWS\SYSTEM32\windows.storage.dll
0x00007ffd95ce0000 - 0x00007ffd96034000 	C:\WINDOWS\System32\combase.dll
0x00007ffd94410000 - 0x00007ffd94440000 	C:\WINDOWS\SYSTEM32\Wldp.dll
0x00007ffd957a0000 - 0x00007ffd9584d000 	C:\WINDOWS\System32\SHCORE.dll
0x00007ffd96040000 - 0x00007ffd96095000 	C:\WINDOWS\System32\shlwapi.dll
0x00007ffd949d0000 - 0x00007ffd949ef000 	C:\WINDOWS\SYSTEM32\profapi.dll
0x00007ffd678b0000 - 0x00007ffd678bc000 	D:\jdk19\bin\dt_socket.dll
0x00007ffd93e20000 - 0x00007ffd93e5b000 	C:\WINDOWS\SYSTEM32\IPHLPAPI.DLL
0x00007ffd94180000 - 0x00007ffd941ea000 	C:\WINDOWS\system32\mswsock.dll
0x00007ffd6d9f0000 - 0x00007ffd6da03000 	D:\jdk19\bin\net.dll
0x00007ffd8adc0000 - 0x00007ffd8aecc000 	C:\WINDOWS\SYSTEM32\WINHTTP.dll
0x00007ffd6d9d0000 - 0x00007ffd6d9e6000 	D:\jdk19\bin\nio.dll
0x00007ffd4dac0000 - 0x00007ffd4db35000 	C:\Users\saky-hp-n\AppData\Local\Temp\lwjglsaky-hp-n\3.3.1-build-7\lwjgl.dll
0x00007ffd55f70000 - 0x00007ffd55fd1000 	C:\Users\SAKY-H~1\AppData\Local\Temp\lwjglsaky-hp-n\3.3.1-build-7\glfw.dll

dbghelp: loaded successfully - version: 4.0.5 - missing functions: none
symbol engine: initialized successfully - sym options: 0x614 - pdb path: .;D:\jdk19\bin;C:\WINDOWS\SYSTEM32;D:\Avast;C:\WINDOWS\WinSxS\amd64_microsoft.windows.common-controls_6595b64144ccf1df_6.0.19041.1110_none_60b5254171f9507e;D:\jdk19\bin\server;C:\Users\saky-hp-n\AppData\Local\Temp\lwjglsaky-hp-n\3.3.1-build-7;C:\Users\SAKY-H~1\AppData\Local\Temp\lwjglsaky-hp-n\3.3.1-build-7

VM Arguments:
jvm_args: -agentlib:jdwp=transport=dt_socket,address=127.0.0.1:55797,suspend=y,server=n -javaagent:C:\Users\saky-hp-n\AppData\Local\JetBrains\IntelliJIdea2022.2\captureAgent\debugger-agent.jar -Dfile.encoding=UTF-8 -Dsun.stdout.encoding=UTF-8 -Dsun.stderr.encoding=UTF-8 
java_command: Main
java_class_path (initial): I:\saky-N\Plocha\kola\3. Univezita\4. rok (Ing.)\ZS\PGRF3\task2\PGRF3task2final\out\production\PGRF3task2final;I:\saky-N\Plocha\kola\3. Univezita\4. rok (Ing.)\ZS\PGRF3\OpenGL\lwjgl-release-3.3.1-custom\lwjgl.jar;I:\saky-N\Plocha\kola\3. Univezita\4. rok (Ing.)\ZS\PGRF3\OpenGL\lwjgl-release-3.3.1-custom\lwjgl-par.jar;I:\saky-N\Plocha\kola\3. Univezita\4. rok (Ing.)\ZS\PGRF3\OpenGL\lwjgl-release-3.3.1-custom\lwjgl-stb.jar;I:\saky-N\Plocha\kola\3. Univezita\4. rok (Ing.)\ZS\PGRF3\OpenGL\lwjgl-release-3.3.1-custom\lwjgl-bgfx.jar;I:\saky-N\Plocha\kola\3. Univezita\4. rok (Ing.)\ZS\PGRF3\OpenGL\lwjgl-release-3.3.1-custom\lwjgl-glfw.jar;I:\saky-N\Plocha\kola\3. Univezita\4. rok (Ing.)\ZS\PGRF3\OpenGL\lwjgl-release-3.3.1-custom\lwjgl-assimp.jar;I:\saky-N\Plocha\kola\3. Univezita\4. rok (Ing.)\ZS\PGRF3\OpenGL\lwjgl-release-3.3.1-custom\lwjgl-nanovg.jar;I:\saky-N\Plocha\kola\3. Univezita\4. rok (Ing.)\ZS\PGRF3\OpenGL\lwjgl-release-3.3.1-custom\lwjgl-openal.jar;I:\saky-N\Plocha\kola\3. Univezita\4. rok (Ing.)\ZS\PGRF3\OpenGL\lwjgl-release-3.3.1-custom\lwjgl-opengl.jar;I:\saky-N\Plocha\kola\3. Univezita\4. rok (Ing.)\ZS\PGRF3\OpenGL\lwjgl-release-3.3.1-custom\lwjgl-vulkan.jar;I:\saky-N\Plocha\kola\3. Univezita\4. rok (Ing.)\ZS\PGRF3\OpenGL\lwjgl-release-3.3.1-custom\lwjgl-javadoc.jar;I:\saky-N\Plocha\kola\3. Univezita\4. rok (Ing.)\ZS\PGRF3\OpenGL\lwjgl-release-3.3.1-custom\lwjgl-nuklear.jar;I:\saky-N\Plocha\kola\3. Univezita\4. rok (Ing.)\ZS\PGRF3\OpenGL\lwjgl-release-3.3.1-custom\lwjgl-sources.jar;I:\saky-N\Plocha\kola\3. Univezita\4. rok (Ing.)\ZS\PGRF3\OpenGL\lwjgl-release-3.3.1-custom\lwjgl-par-javadoc.jar;I:\saky-N\Plocha\kola\3. Univezita\4. rok (Ing.)\ZS\PGRF3\OpenGL\lwjgl-release-3.3.1-custom\lwjgl-par-sources.jar;I:\saky-N\Plocha\kola\3. Univezita\4. rok (Ing.)\ZS\PGRF3\OpenGL\lwjgl-release-3.3.1-custom\lwjgl-stb-javadoc.jar;I:\saky-N\Plocha\kola\3. Univezita\4. rok (Ing.)\ZS\PGRF3\OpenGL\lwjgl-release-3.3.1-custom\lwjgl-stb-sources.jar;I:\saky-N\Plocha\kola\3. Univezita\4. rok (Ing.)\ZS\PGRF3\OpenGL\lwjgl-release-3.3.1-custom\lwjgl-bgfx-javadoc.jar;I:\saky-N\Plocha\kola\3. Univezita\4. rok (Ing.)\ZS\PGRF3\OpenGL\lwjgl-release-3.3.1-custom\lwjgl-bgfx-sources.jar;I:\saky-N\Plocha\kola\3. Univezita\4. rok (Ing.)\ZS\PGRF3\OpenGL\lwjgl-release-3.3.1-custom\lwjgl-glfw-javadoc.jar;I:\saky-N\Plocha\kola\3. Univezita\4. rok (Ing.)\ZS\PGRF3\OpenGL\lwjgl-release-3.3.1-custom\lwjgl-glfw-sources.jar;I:\saky-N\Plocha\kola\3. Univezita\4. rok (Ing.)\ZS\PGRF3\OpenGL\lwjgl-release-3.3.1-custom\lwjgl-assimp-javadoc.jar;I:\saky-N\Plocha\kola\3. Univezita\4. rok (Ing.)\ZS\PGRF3\OpenGL\lwjgl-release-3.3.1-custom\lwjgl-assimp-sources.jar;I:\saky-N\Plocha\kola\3. Univezita\4. rok (Ing.)\ZS\PGRF3\OpenGL\lwjgl-release-3.3.1-custom\lwjgl-nanovg-javadoc.jar;I:\saky-N\Plocha\kola\3. Univezita\4. rok (Ing.)\ZS\PGRF3\OpenGL\lwjgl-release-3.3.1-custom\lwjgl-nanovg-sources.jar;I:\saky-N\Plocha\kola\3. Univezita\4. rok (Ing.)\ZS\PGRF3\OpenGL\lwjgl-release-3.3.1-custom\lwjgl-openal-javadoc.jar;I:\saky-N\Plocha\kola\3. Univezita\4. rok (Ing.)\ZS\PGRF3\OpenGL\lwjgl-release-3.3.1-custom\lwjgl-openal-sources.jar;I:\saky-N\Plocha\kola\3. Univezita\4. rok (Ing.)\ZS\PGRF3\OpenGL\lwjgl-release-3.3.1-custom\lwjgl-opengl-javadoc.jar;I:\saky-N\Plocha\kola\3. Univezita\4. rok (Ing.)\ZS\PGRF3\OpenGL\lwjgl-release-3.3.1-custom\lwjgl-opengl-sources.jar;I:\saky-N\Plocha\kola\3. Univezita\4. rok (Ing.)\ZS\PGRF3\OpenGL\lwjgl-release-3.3.1-custom\lwjgl-vulkan-javadoc.jar;I:\saky-N\Plocha\kola\3. Univezita\4. rok (Ing.)\ZS\PGRF3\OpenGL\lwjgl-release-3.3.1-custom\lwjgl-vulkan-sources.jar;I:\saky-N\Plocha\kola\3. Univezita\4. rok (Ing.)\ZS\PGRF3\OpenGL\lwjgl-release-3.3.1-custom\lwjgl-natives-windows.jar;I:\saky-N\Plocha\kola\3. Univezita\4. rok (Ing.)\ZS\PGRF3\OpenGL\lwjgl-release-3.3.1-custom\lwjgl-nuklear-javadoc.jar;I:\saky-N\Plocha\kola\3. Univezita\4. rok (Ing.)\ZS\PGRF3\OpenGL\lwjgl-release-3.3.1-custom\lwjgl-nuklear-sources.jar;I:\saky-N\Plocha\kola\3. Univezita\4. rok (Ing.)\ZS\PGRF3\OpenGL\lwjgl-release-3.3.1-custom\lwjgl-par-natives-windows.jar;I:\saky-N\Plocha\kola\3. Univezita\4. rok (Ing.)\ZS\PGRF3\OpenGL\lwjgl-release-3.3.1-custom\lwjgl-stb-natives-windows.jar;I:\saky-N\Plocha\kola\3. Univezita\4. rok (Ing.)\ZS\PGRF3\OpenGL\lwjgl-release-3.3.1-custom\lwjgl-bgfx-natives-windows.jar;I:\saky-N\Plocha\kola\3. Univezita\4. rok (Ing.)\ZS\PGRF3\OpenGL\lwjgl-release-3.3.1-custom\lwjgl-glfw-natives-windows.jar;I:\saky-N\Plocha\kola\3. Univezita\4. rok (Ing.)\ZS\PGRF3\OpenGL\lwjgl-release-3.3.1-custom\lwjgl-assimp-natives-windows.jar;I:\saky-N\Plocha\kola\3. Univezita\4. rok (Ing.)\ZS\PGRF3\OpenGL\lwjgl-release-3.3.1-custom\lwjgl-nanovg-natives-windows.jar;I:\saky-N\Plocha\kola\3. Univezita\4. rok (Ing.)\ZS\PGRF3\OpenGL\lwjgl-release-3.3.1-custom\lwjgl-openal-natives-windows.jar;I:\saky-N\Plocha\kola\3. Univezita\4. rok (Ing.)\ZS\PGRF3\OpenGL\lwjgl-release-3.3.1-custom\lwjgl-opengl-natives-windows.jar;I:\saky-N\Plocha\kola\3. Univezita\4. rok (Ing.)\ZS\PGRF3\OpenGL\lwjgl-release-3.3.1-custom\lwjgl-nuklear-natives-windows.jar;D:\IdeaUltimate\IntelliJ IDEA 2022.2.3\lib\idea_rt.jar
Launcher Type: SUN_STANDARD

[Global flags]
     intx CICompilerCount                          = 3                                         {product} {ergonomic}
     uint ConcGCThreads                            = 1                                         {product} {ergonomic}
     uint G1ConcRefinementThreads                  = 4                                         {product} {ergonomic}
   size_t G1HeapRegionSize                         = 2097152                                   {product} {ergonomic}
    uintx GCDrainStackTargetSize                   = 64                                        {product} {ergonomic}
   size_t InitialHeapSize                          = 268435456                                 {product} {ergonomic}
   size_t MarkStackSize                            = 4194304                                   {product} {ergonomic}
   size_t MaxHeapSize                              = 4284481536                                {product} {ergonomic}
   size_t MaxNewSize                               = 2569011200                                {product} {ergonomic}
   size_t MinHeapDeltaBytes                        = 2097152                                   {product} {ergonomic}
   size_t MinHeapSize                              = 8388608                                   {product} {ergonomic}
    uintx NonNMethodCodeHeapSize                   = 5832780                                {pd product} {ergonomic}
    uintx NonProfiledCodeHeapSize                  = 122912730                              {pd product} {ergonomic}
    uintx ProfiledCodeHeapSize                     = 122912730                              {pd product} {ergonomic}
    uintx ReservedCodeCacheSize                    = 251658240                              {pd product} {ergonomic}
     bool SegmentedCodeCache                       = true                                      {product} {ergonomic}
   size_t SoftMaxHeapSize                          = 4284481536                             {manageable} {ergonomic}
     bool UseCompressedClassPointers               = true                           {product lp64_product} {ergonomic}
     bool UseCompressedOops                        = true                           {product lp64_product} {ergonomic}
     bool UseG1GC                                  = true                                      {product} {ergonomic}
     bool UseLargePagesIndividualAllocation        = false                                  {pd product} {ergonomic}

Logging:
Log output configuration:
 #0: stdout all=warning uptime,level,tags foldmultilines=false
 #1: stderr all=off uptime,level,tags foldmultilines=false

Environment Variables:
PATH=E:\VMware\bin\;C:\Program Files\AdoptOpenJDK\jdk-11.0.5.10-hotspot\bin;C:\Program Files (x86)\Common Files\Oracle\Java\javapath;C:\ProgramData\Oracle\Java\javapath;C:\WINDOWS\system32;C:\WINDOWS;C:\WINDOWS\System32\Wbem;C:\WINDOWS\System32\WindowsPowerShell\v1.0\;C:\Program Files (x86)\ATI Technologies\ATI.ACE\Core-Static;C:\WINDOWS\System32\OpenSSH\;C:\Program Files\dotnet\;C:\Program Files\Microsoft SQL Server\130\Tools\Binn\;D:\Microsoft VS Code\bin;C:\Program Files\NVIDIA Corporation\NVIDIA NvDLISR;C:\Program Files (x86)\NVIDIA Corporation\PhysX\Common;C:\WINDOWS\system32;C:\WINDOWS;C:\WINDOWS\System32\Wbem;C:\WINDOWS\System32\WindowsPowerShell\v1.0\;C:\WINDOWS\System32\OpenSSH\;C:\Program Files\Docker\Docker\resources\bin;C:\Program Files\Git\cmd;C:\Users\saky-hp-n\AppData\Local\Microsoft\WindowsApps;F:\Visual Code Studio\Microsoft VS Code\bin;D:\Microsoft VS Code\bin;D:\Visual Code\Microsoft VS Code\bin;C:\Users\saky-hp-n\AppData\Local\GitHubDesktop\bin
USERNAME=saky-hp-n
OS=Windows_NT
PROCESSOR_IDENTIFIER=Intel64 Family 6 Model 158 Stepping 11, GenuineIntel
TMP=C:\Users\SAKY-H~1\AppData\Local\Temp
TEMP=C:\Users\SAKY-H~1\AppData\Local\Temp



---------------  S Y S T E M  ---------------

OS:
 Windows 10 , 64 bit Build 19041 (10.0.19041.2251)
OS uptime: 17 days 16:49 hours
Hyper-V role detected

CPU: total 4 (initial active 4) (4 cores per cpu, 1 threads per core) family 6 model 158 stepping 11 microcode 0xb4, cx8, cmov, fxsr, mmx, 3dnowpref, sse, sse2, sse3, ssse3, sse4.1, sse4.2, popcnt, lzcnt, tsc, tscinvbit, avx, avx2, aes, erms, clmul, bmi1, bmi2, adx, fma, vzeroupper, clflush, clflushopt, hv, rdtscp

Memory: 4k page, system-wide physical 16339M (6078M free)
TotalPageFile size 32723M (AvailPageFile size 16294M)
current process WorkingSet (physical memory assigned to process): 48M, peak: 48M
current process commit charge ("private bytes"): 342M, peak: 342M

vm_info: OpenJDK 64-Bit Server VM (19+36-2238) for windows-amd64 JRE (19+36-2238), built on 2022-08-12T20:29:01Z by "mach5one" with MS VC++ 17.1 (VS2022)

END.
