#
# A fatal error has been detected by the Java Runtime Environment:
#
#  EXCEPTION_ACCESS_VIOLATION (0xc0000005) at pc=0x00007ffd7eb36c84, pid=4800, tid=23900
#
# JRE version: OpenJDK Runtime Environment (19.0+36) (build 19+36-2238)
# Java VM: OpenJDK 64-Bit Server VM (19+36-2238, mixed mode, sharing, tiered, compressed oops, compressed class ptrs, g1 gc, windows-amd64)
# Problematic frame:
# C  [jdwp.dll+0x26c84]
#
# No core dump will be written. Minidumps are not enabled by default on client versions of Windows
#
# If you would like to submit a bug report, please visit:
#   https://bugreport.java.com/bugreport/crash.jsp
# The crash happened outside the Java Virtual Machine in native code.
# See problematic frame for where to report the bug.
#

---------------  S U M M A R Y ------------

Command Line: -agentlib:jdwp=transport=dt_socket,address=127.0.0.1:64747,suspend=y,server=n -javaagent:C:\Users\saky-hp-n\AppData\Local\JetBrains\IntelliJIdea2022.2\captureAgent\debugger-agent.jar -Dfile.encoding=UTF-8 -Dsun.stdout.encoding=UTF-8 -Dsun.stderr.encoding=UTF-8 Main

Host: Intel(R) Core(TM) i3-8350K CPU @ 4.00GHz, 4 cores, 15G,  Windows 10 , 64 bit Build 19041 (10.0.19041.2251)
Time: Mon Dec  5 13:30:58 2022 Stindows 10 , 64 bit Build 19041 (10.0.19041.2251) elapsed time: 1.812534 seconds (0d 0h 0m 1s)

---------------  T H R E A D  ---------------

Current thread (0x0000022be0a89600):  JavaThread "main" [_thread_in_native, id=23900, stack(0x0000009cc4500000,0x0000009cc4600000)]

Stack: [0x0000009cc4500000,0x0000009cc4600000],  sp=0x0000009cc45fe428,  free space=1017k
Native frames: (J=compiled Java code, j=interpreted, Vv=VM code, C=native code)
C  [jdwp.dll+0x26c84]

Java frames: (J=compiled Java code, j=interpreted, Vv=VM code)
j  jdk.internal.reflect.MethodHandleAccessorFactory.newFieldAccessor(Ljava/lang/reflect/Field;Z)Ljdk/internal/reflect/FieldAccessorImpl;+170 java.base@19
j  jdk.internal.reflect.ReflectionFactory.newFieldAccessor(Ljava/lang/reflect/Field;Z)Ljdk/internal/reflect/FieldAccessor;+82 java.base@19
j  java.lang.reflect.Field.acquireFieldAccessor()Ljdk/internal/reflect/FieldAccessor;+35 java.base@19
j  java.lang.reflect.Field.getFieldAccessor()Ljdk/internal/reflect/FieldAccessor;+14 java.base@19
j  java.lang.reflect.Field.getInt(Ljava/lang/Object;)I+18 java.base@19
j  org.lwjgl.system.APIUtil.apiClassTokens(Ljava/util/function/BiPredicate;Ljava/util/Map;[Ljava/lang/Class;)Ljava/util/Map;+104
j  org.lwjgl.glfw.GLFWErrorCallback$1.<init>(Ljava/io/PrintStream;)V+25
j  org.lwjgl.glfw.GLFWErrorCallback.createPrint(Ljava/io/PrintStream;)Lorg/lwjgl/glfw/GLFWErrorCallback;+5
j  Main.init()V+3
j  Main.run()V+15
j  Main.main([Ljava/lang/String;)V+14
v  ~StubRoutines::call_stub 0x0000022beff1100e

siginfo: EXCEPTION_ACCESS_VIOLATION (0xc0000005), reading address 0xffffffffffffffff


Registers:
RAX=0x0000022b88663cf0, RBX=0x0000022bff4944f0, RCX=0x0000022be0a898e0, RDX=0x0000022bff4944f0
RSP=0x0000009cc45fe428, RBP=0x0000000000000002, RSI=0x0000009cc45fe4d0, RDI=0x0000022be0a898e0
R8 =0x0000000000010002, R9 =0x0000000000000000, R10=0x00007ffd8b230000, R11=0x0000009cc45fe3f8
R12=0x0000000000000007, R13=0x0000022be0a73df0, R14=0x00007ffd7eb40300, R15=0x0000000000000000
RIP=0x00007ffd7eb36c84, EFLAGS=0x0000000000010202


Register to memory mapping:

RIP=0x00007ffd7eb36c84 jdwp.dll
RAX=0x0000022b88663cf0 points into unknown readable memory: 0x0000000000000000 | 00 00 00 00 00 00 00 00
RBX=0x0000022bff4944f0 points into unknown readable memory: 0x000000071080a4b0 | b0 a4 80 10 07 00 00 00
RCX=0x0000022be0a898e0 points into unknown readable memory: 0x0000022b88663cf0 | f0 3c 66 88 2b 02 00 00
RDX=0x0000022bff4944f0 points into unknown readable memory: 0x000000071080a4b0 | b0 a4 80 10 07 00 00 00
RSP=0x0000009cc45fe428 is pointing into the stack for thread: 0x0000022be0a89600
RBP=0x0000000000000002 is an unknown value
RSI=0x0000009cc45fe4d0 is pointing into the stack for thread: 0x0000022be0a89600
RDI=0x0000022be0a898e0 points into unknown readable memory: 0x0000022b88663cf0 | f0 3c 66 88 2b 02 00 00
R8 =0x0000000000010002 is an unknown value
R9 =0x0 is NULL
R10=0x00007ffd8b230000 VCRUNTIME140.dll
R11=0x0000009cc45fe3f8 is pointing into the stack for thread: 0x0000022be0a89600
R12=0x0000000000000007 is an unknown value
R13=0x0000022be0a73df0 points into unknown readable memory: 0x00007ffd31e48ff0 | f0 8f e4 31 fd 7f 00 00
R14=0x00007ffd7eb40300 jdwp.dll
R15=0x0 is NULL


Top of Stack: (sp=0x0000009cc45fe428)
0x0000009cc45fe428:   00007ffd7eb25bd1 0000022bff4944f0
0x0000009cc45fe438:   0000009cc45fe4d0 0000000000000000
0x0000009cc45fe448:   0000000000000000 00007ffd31e2ecd0
0x0000009cc45fe458:   0000000000005d5c 0000022bff4944f0
0x0000009cc45fe468:   00007ffd7eb40328 0000000000000000
0x0000009cc45fe478:   00007ffd7eb2272f 0000022bff4944f0
0x0000009cc45fe488:   0000000000000002 0000022be0a898e0
0x0000009cc45fe498:   0000022bff4944f8 0000003988450000
0x0000009cc45fe4a8:   00007ffd3157685f 0000000000000000
0x0000009cc45fe4b8:   00000008001de120 0000009cc45fe520
0x0000009cc45fe4c8:   00007ffd3157a286 0000000000000007
0x0000009cc45fe4d8:   0000022bff4944f0 0000000000000000
0x0000009cc45fe4e8:   0000022bff4944f8 0000000000000000
0x0000009cc45fe4f8:   0000000000000000 0000000000000000
0x0000009cc45fe508:   0000000000000000 0000000000000000
0x0000009cc45fe518:   0000000000000000 0000000000000000 

Instructions: (pc=0x00007ffd7eb36c84)
0x00007ffd7eb36b84:   05 d7 05 01 00 48 8b 03 48 8b d7 4d 8b 40 30 48
0x00007ffd7eb36b94:   8b cb 48 8b 5c 24 30 48 83 c4 20 5f 48 ff a0 00
0x00007ffd7eb36ba4:   01 00 00 cc 48 89 5c 24 08 57 48 83 ec 20 48 8b
0x00007ffd7eb36bb4:   f9 e8 f2 ea ff ff 4c 8b 05 9f 05 01 00 48 8b d8
0x00007ffd7eb36bc4:   41 f6 80 18 02 00 00 02 74 33 41 b8 21 06 00 00
0x00007ffd7eb36bd4:   48 8d 15 8d bf 00 00 48 8d 0d 22 58 00 00 e8 89
0x00007ffd7eb36be4:   41 ff ff 48 8d 15 ea 95 00 00 48 8d 0d 23 58 00
0x00007ffd7eb36bf4:   00 e8 1e 42 ff ff 4c 8b 05 5f 05 01 00 48 8b 03
0x00007ffd7eb36c04:   48 8b d7 4d 8b 40 38 48 8b cb 48 8b 5c 24 30 48
0x00007ffd7eb36c14:   83 c4 20 5f 48 ff a0 00 01 00 00 cc 48 89 5c 24
0x00007ffd7eb36c24:   08 57 48 83 ec 20 48 8b f9 e8 7a ea ff ff 48 8b
0x00007ffd7eb36c34:   15 27 05 01 00 48 8b d8 f6 82 18 02 00 00 02 74
0x00007ffd7eb36c44:   2c 41 b8 13 06 00 00 48 8d 15 16 bf 00 00 48 8d
0x00007ffd7eb36c54:   0d ab 57 00 00 e8 12 41 ff ff 48 8d 15 8b 68 00
0x00007ffd7eb36c64:   00 48 8d 0d ac 57 00 00 e8 a7 41 ff ff 48 8b 03
0x00007ffd7eb36c74:   48 8b d7 48 8b cb 48 8b 5c 24 30 48 83 c4 20 5f
0x00007ffd7eb36c84:   48 ff a0 50 07 00 00 cc 48 89 5c 24 08 48 89 74
0x00007ffd7eb36c94:   24 10 48 89 7c 24 18 41 56 48 83 ec 20 4c 63 f2
0x00007ffd7eb36ca4:   49 8b d8 48 8b d1 41 8b f9 48 8b cb 4d 8d 46 ff
0x00007ffd7eb36cb4:   ff 15 b6 55 00 00 85 c0 75 3c 41 0f be 44 1e ff
0x00007ffd7eb36cc4:   3b c7 75 32 49 03 de eb 10 0f be c8 ff 15 8a 55
0x00007ffd7eb36cd4:   00 00 85 c0 74 09 48 ff c3 8a 03 84 c0 75 ea 80
0x00007ffd7eb36ce4:   3b 3b 74 12 8b d7 48 8b cb e8 a0 4a 00 00 48 85
0x00007ffd7eb36cf4:   c0 0f 94 c0 eb 02 32 c0 48 8b 5c 24 30 48 8b 74
0x00007ffd7eb36d04:   24 38 48 8b 7c 24 40 48 83 c4 20 41 5e c3 cc cc
0x00007ffd7eb36d14:   0f b6 d1 83 fa 1e 0f 87 83 00 00 00 74 7b 83 fa
0x00007ffd7eb36d24:   07 77 41 74 39 83 ea 01 74 2e 83 ea 01 74 23 83
0x00007ffd7eb36d34:   ea 01 74 18 83 ea 01 74 0d 83 fa 02 0f 85 8a 00
0x00007ffd7eb36d44:   00 00 8d 42 03 c3 b8 04 00 00 00 c3 b8 03 00 00
0x00007ffd7eb36d54:   00 c3 b8 02 00 00 00 c3 b8 01 00 00 00 c3 b8 06
0x00007ffd7eb36d64:   00 00 00 c3 b8 08 00 00 00 2b d0 74 26 83 ea 01
0x00007ffd7eb36d74:   0f 84 88 00 00 00 83 ea 01 74 12 b8 0a 00 00 00 


Stack slot to memory mapping:
stack at sp + 0 slots: 0x00007ffd7eb25bd1 jdwp.dll
stack at sp + 1 slots: 0x0000022bff4944f0 points into unknown readable memory: 0x000000071080a4b0 | b0 a4 80 10 07 00 00 00
stack at sp + 2 slots: 0x0000009cc45fe4d0 is pointing into the stack for thread: 0x0000022be0a89600
stack at sp + 3 slots: 0x0 is NULL
stack at sp + 4 slots: 0x0 is NULL
stack at sp + 5 slots: 0x00007ffd31e2ecd0 jvm.dll
stack at sp + 6 slots: 0x0000000000005d5c is an unknown value
stack at sp + 7 slots: 0x0000022bff4944f0 points into unknown readable memory: 0x000000071080a4b0 | b0 a4 80 10 07 00 00 00


---------------  P R O C E S S  ---------------

Threads class SMR info:
_java_thread_list=0x0000022b88368c90, length=15, elements={
0x0000022be0a89600, 0x0000022bff4aa2e0, 0x0000022bff4ab0d0, 0x0000022bff4ae2d0,
0x0000022bff4b0110, 0x0000022bff4b0a40, 0x0000022bff4b5390, 0x0000022bff4b6130,
0x0000022bff4c5a10, 0x0000022b88170fd0, 0x0000022b8821d660, 0x0000022b883ee270,
0x0000022b882fb9d0, 0x0000022b882fbf20, 0x0000022b883f4e90
}

Java Threads: ( => current thread )
=>0x0000022be0a89600 JavaThread "main" [_thread_in_native, id=23900, stack(0x0000009cc4500000,0x0000009cc4600000)]
  0x0000022bff4aa2e0 JavaThread "Reference Handler" daemon [_thread_blocked, id=21444, stack(0x0000009cc4c00000,0x0000009cc4d00000)]
  0x0000022bff4ab0d0 JavaThread "Finalizer" daemon [_thread_blocked, id=17016, stack(0x0000009cc4d00000,0x0000009cc4e00000)]
  0x0000022bff4ae2d0 JavaThread "Signal Dispatcher" daemon [_thread_blocked, id=23344, stack(0x0000009cc4e00000,0x0000009cc4f00000)]
  0x0000022bff4b0110 JavaThread "Attach Listener" daemon [_thread_blocked, id=10272, stack(0x0000009cc4f00000,0x0000009cc5000000)]
  0x0000022bff4b0a40 JavaThread "Service Thread" daemon [_thread_blocked, id=4192, stack(0x0000009cc5000000,0x0000009cc5100000)]
  0x0000022bff4b5390 JavaThread "Monitor Deflation Thread" daemon [_thread_blocked, id=2032, stack(0x0000009cc5100000,0x0000009cc5200000)]
  0x0000022bff4b6130 JavaThread "C2 CompilerThread0" daemon [_thread_blocked, id=15484, stack(0x0000009cc5200000,0x0000009cc5300000)]
  0x0000022bff4c5a10 JavaThread "C1 CompilerThread0" daemon [_thread_blocked, id=8644, stack(0x0000009cc5300000,0x0000009cc5400000)]
  0x0000022b88170fd0 JavaThread "Sweeper thread" daemon [_thread_blocked, id=21456, stack(0x0000009cc5400000,0x0000009cc5500000)]
  0x0000022b8821d660 JavaThread "Common-Cleaner" daemon [_thread_blocked, id=19648, stack(0x0000009cc5500000,0x0000009cc5600000)]
  0x0000022b883ee270 JavaThread "JDWP Transport Listener: dt_socket" daemon [_thread_blocked, id=5492, stack(0x0000009cc5600000,0x0000009cc5700000)]
  0x0000022b882fb9d0 JavaThread "JDWP Event Helper Thread" daemon [_thread_blocked, id=21088, stack(0x0000009cc5700000,0x0000009cc5800000)]
  0x0000022b882fbf20 JavaThread "JDWP Command Reader" daemon [_thread_in_native, id=10648, stack(0x0000009cc5800000,0x0000009cc5900000)]
  0x0000022b883f4e90 JavaThread "Notification Thread" daemon [_thread_blocked, id=21996, stack(0x0000009cc5900000,0x0000009cc5a00000)]

Other Threads:
  0x0000022bff48fe70 VMThread "VM Thread" [stack: 0x0000009cc4b00000,0x0000009cc4c00000] [id=11032]
  0x0000022b883f63e0 WatcherThread "VM Periodic Task Thread" [stack: 0x0000009cc5a00000,0x0000009cc5b00000] [id=2404]
  0x0000022be0afc200 WorkerThread "GC Thread#0" [stack: 0x0000009cc4600000,0x0000009cc4700000] [id=20980]
  0x0000022be0b0d320 ConcurrentGCThread "G1 Main Marker" [stack: 0x0000009cc4700000,0x0000009cc4800000] [id=1496]
  0x0000022be0b0e4f0 WorkerThread "G1 Conc#0" [stack: 0x0000009cc4800000,0x0000009cc4900000] [id=1608]
  0x0000022bff347fc0 ConcurrentGCThread "G1 Refine#0" [stack: 0x0000009cc4900000,0x0000009cc4a00000] [id=17732]
  0x0000022bff3487b0 ConcurrentGCThread "G1 Service" [stack: 0x0000009cc4a00000,0x0000009cc4b00000] [id=22524]

Threads with active compile tasks:

VM state: not at safepoint (normal execution)

VM Mutex/Monitor currently owned by a thread: None

Heap address: 0x0000000700a00000, size: 4086 MB, Compressed Oops mode: Zero based, Oop shift amount: 3

CDS archive(s) mapped at: [0x0000000800000000-0x0000000800c40000-0x0000000800c40000), size 12845056, SharedBaseAddress: 0x0000000800000000, ArchiveRelocationMode: 0.
Compressed class space mapped at: 0x0000000801000000-0x0000000841000000, reserved size: 1073741824
Narrow klass base: 0x0000000800000000, Narrow klass shift: 0, Narrow klass range: 0x100000000

GC Precious Log:
 CardTable entry size: 512
 Card Set container configuration: InlinePtr #cards 4 size 8 Array Of Cards #cards 8 size 32 Howl #buckets 8 coarsen threshold 3686 Howl Bitmap #cards 512 size 80 coarsen threshold 460 Card regions per heap region 1 cards per card region 4096
 CPUs: 4 total, 4 available
 Memory: 16339M
 Large Page Support: Disabled
 NUMA Support: Disabled
 Compressed Oops: Enabled (Zero based)
 Heap Region Size: 2M
 Heap Min Capacity: 8M
 Heap Initial Capacity: 256M
 Heap Max Capacity: 4086M
 Pre-touch: Disabled
 Parallel Workers: 4
 Concurrent Workers: 1
 Concurrent Refinement Workers: 4
 Periodic GC: Disabled

Heap:
 garbage-first heap   total 262144K, used 6144K [0x0000000700a00000, 0x0000000800000000)
  region size 2048K, 5 young (10240K), 0 survivors (0K)
 Metaspace       used 2285K, committed 2432K, reserved 1114112K
  class space    used 187K, committed 256K, reserved 1048576K

Heap Regions: E=young(eden), S=young(survivor), O=old, HS=humongous(starts), HC=humongous(continues), CS=collection set, F=free, OA=open archive, CA=closed archive, TAMS=top-at-mark-start (previous, next)
|   0|0x0000000700a00000, 0x0000000700a00000, 0x0000000700c00000|  0%| F|  |TAMS 0x0000000700a00000, 0x0000000700a00000| Untracked 
|   1|0x0000000700c00000, 0x0000000700c00000, 0x0000000700e00000|  0%| F|  |TAMS 0x0000000700c00000, 0x0000000700c00000| Untracked 
|   2|0x0000000700e00000, 0x0000000700e00000, 0x0000000701000000|  0%| F|  |TAMS 0x0000000700e00000, 0x0000000700e00000| Untracked 
|   3|0x0000000701000000, 0x0000000701000000, 0x0000000701200000|  0%| F|  |TAMS 0x0000000701000000, 0x0000000701000000| Untracked 
|   4|0x0000000701200000, 0x0000000701200000, 0x0000000701400000|  0%| F|  |TAMS 0x0000000701200000, 0x0000000701200000| Untracked 
|   5|0x0000000701400000, 0x0000000701400000, 0x0000000701600000|  0%| F|  |TAMS 0x0000000701400000, 0x0000000701400000| Untracked 
|   6|0x0000000701600000, 0x0000000701600000, 0x0000000701800000|  0%| F|  |TAMS 0x0000000701600000, 0x0000000701600000| Untracked 
|   7|0x0000000701800000, 0x0000000701800000, 0x0000000701a00000|  0%| F|  |TAMS 0x0000000701800000, 0x0000000701800000| Untracked 
|   8|0x0000000701a00000, 0x0000000701a00000, 0x0000000701c00000|  0%| F|  |TAMS 0x0000000701a00000, 0x0000000701a00000| Untracked 
|   9|0x0000000701c00000, 0x0000000701c00000, 0x0000000701e00000|  0%| F|  |TAMS 0x0000000701c00000, 0x0000000701c00000| Untracked 
|  10|0x0000000701e00000, 0x0000000701e00000, 0x0000000702000000|  0%| F|  |TAMS 0x0000000701e00000, 0x0000000701e00000| Untracked 
|  11|0x0000000702000000, 0x0000000702000000, 0x0000000702200000|  0%| F|  |TAMS 0x0000000702000000, 0x0000000702000000| Untracked 
|  12|0x0000000702200000, 0x0000000702200000, 0x0000000702400000|  0%| F|  |TAMS 0x0000000702200000, 0x0000000702200000| Untracked 
|  13|0x0000000702400000, 0x0000000702400000, 0x0000000702600000|  0%| F|  |TAMS 0x0000000702400000, 0x0000000702400000| Untracked 
|  14|0x0000000702600000, 0x0000000702600000, 0x0000000702800000|  0%| F|  |TAMS 0x0000000702600000, 0x0000000702600000| Untracked 
|  15|0x0000000702800000, 0x0000000702800000, 0x0000000702a00000|  0%| F|  |TAMS 0x0000000702800000, 0x0000000702800000| Untracked 
|  16|0x0000000702a00000, 0x0000000702a00000, 0x0000000702c00000|  0%| F|  |TAMS 0x0000000702a00000, 0x0000000702a00000| Untracked 
|  17|0x0000000702c00000, 0x0000000702c00000, 0x0000000702e00000|  0%| F|  |TAMS 0x0000000702c00000, 0x0000000702c00000| Untracked 
|  18|0x0000000702e00000, 0x0000000702e00000, 0x0000000703000000|  0%| F|  |TAMS 0x0000000702e00000, 0x0000000702e00000| Untracked 
|  19|0x0000000703000000, 0x0000000703000000, 0x0000000703200000|  0%| F|  |TAMS 0x0000000703000000, 0x0000000703000000| Untracked 
|  20|0x0000000703200000, 0x0000000703200000, 0x0000000703400000|  0%| F|  |TAMS 0x0000000703200000, 0x0000000703200000| Untracked 
|  21|0x0000000703400000, 0x0000000703400000, 0x0000000703600000|  0%| F|  |TAMS 0x0000000703400000, 0x0000000703400000| Untracked 
|  22|0x0000000703600000, 0x0000000703600000, 0x0000000703800000|  0%| F|  |TAMS 0x0000000703600000, 0x0000000703600000| Untracked 
|  23|0x0000000703800000, 0x0000000703800000, 0x0000000703a00000|  0%| F|  |TAMS 0x0000000703800000, 0x0000000703800000| Untracked 
|  24|0x0000000703a00000, 0x0000000703a00000, 0x0000000703c00000|  0%| F|  |TAMS 0x0000000703a00000, 0x0000000703a00000| Untracked 
|  25|0x0000000703c00000, 0x0000000703c00000, 0x0000000703e00000|  0%| F|  |TAMS 0x0000000703c00000, 0x0000000703c00000| Untracked 
|  26|0x0000000703e00000, 0x0000000703e00000, 0x0000000704000000|  0%| F|  |TAMS 0x0000000703e00000, 0x0000000703e00000| Untracked 
|  27|0x0000000704000000, 0x0000000704000000, 0x0000000704200000|  0%| F|  |TAMS 0x0000000704000000, 0x0000000704000000| Untracked 
|  28|0x0000000704200000, 0x0000000704200000, 0x0000000704400000|  0%| F|  |TAMS 0x0000000704200000, 0x0000000704200000| Untracked 
|  29|0x0000000704400000, 0x0000000704400000, 0x0000000704600000|  0%| F|  |TAMS 0x0000000704400000, 0x0000000704400000| Untracked 
|  30|0x0000000704600000, 0x0000000704600000, 0x0000000704800000|  0%| F|  |TAMS 0x0000000704600000, 0x0000000704600000| Untracked 
|  31|0x0000000704800000, 0x0000000704800000, 0x0000000704a00000|  0%| F|  |TAMS 0x0000000704800000, 0x0000000704800000| Untracked 
|  32|0x0000000704a00000, 0x0000000704a00000, 0x0000000704c00000|  0%| F|  |TAMS 0x0000000704a00000, 0x0000000704a00000| Untracked 
|  33|0x0000000704c00000, 0x0000000704c00000, 0x0000000704e00000|  0%| F|  |TAMS 0x0000000704c00000, 0x0000000704c00000| Untracked 
|  34|0x0000000704e00000, 0x0000000704e00000, 0x0000000705000000|  0%| F|  |TAMS 0x0000000704e00000, 0x0000000704e00000| Untracked 
|  35|0x0000000705000000, 0x0000000705000000, 0x0000000705200000|  0%| F|  |TAMS 0x0000000705000000, 0x0000000705000000| Untracked 
|  36|0x0000000705200000, 0x0000000705200000, 0x0000000705400000|  0%| F|  |TAMS 0x0000000705200000, 0x0000000705200000| Untracked 
|  37|0x0000000705400000, 0x0000000705400000, 0x0000000705600000|  0%| F|  |TAMS 0x0000000705400000, 0x0000000705400000| Untracked 
|  38|0x0000000705600000, 0x0000000705600000, 0x0000000705800000|  0%| F|  |TAMS 0x0000000705600000, 0x0000000705600000| Untracked 
|  39|0x0000000705800000, 0x0000000705800000, 0x0000000705a00000|  0%| F|  |TAMS 0x0000000705800000, 0x0000000705800000| Untracked 
|  40|0x0000000705a00000, 0x0000000705a00000, 0x0000000705c00000|  0%| F|  |TAMS 0x0000000705a00000, 0x0000000705a00000| Untracked 
|  41|0x0000000705c00000, 0x0000000705c00000, 0x0000000705e00000|  0%| F|  |TAMS 0x0000000705c00000, 0x0000000705c00000| Untracked 
|  42|0x0000000705e00000, 0x0000000705e00000, 0x0000000706000000|  0%| F|  |TAMS 0x0000000705e00000, 0x0000000705e00000| Untracked 
|  43|0x0000000706000000, 0x0000000706000000, 0x0000000706200000|  0%| F|  |TAMS 0x0000000706000000, 0x0000000706000000| Untracked 
|  44|0x0000000706200000, 0x0000000706200000, 0x0000000706400000|  0%| F|  |TAMS 0x0000000706200000, 0x0000000706200000| Untracked 
|  45|0x0000000706400000, 0x0000000706400000, 0x0000000706600000|  0%| F|  |TAMS 0x0000000706400000, 0x0000000706400000| Untracked 
|  46|0x0000000706600000, 0x0000000706600000, 0x0000000706800000|  0%| F|  |TAMS 0x0000000706600000, 0x0000000706600000| Untracked 
|  47|0x0000000706800000, 0x0000000706800000, 0x0000000706a00000|  0%| F|  |TAMS 0x0000000706800000, 0x0000000706800000| Untracked 
|  48|0x0000000706a00000, 0x0000000706a00000, 0x0000000706c00000|  0%| F|  |TAMS 0x0000000706a00000, 0x0000000706a00000| Untracked 
|  49|0x0000000706c00000, 0x0000000706c00000, 0x0000000706e00000|  0%| F|  |TAMS 0x0000000706c00000, 0x0000000706c00000| Untracked 
|  50|0x0000000706e00000, 0x0000000706e00000, 0x0000000707000000|  0%| F|  |TAMS 0x0000000706e00000, 0x0000000706e00000| Untracked 
|  51|0x0000000707000000, 0x0000000707000000, 0x0000000707200000|  0%| F|  |TAMS 0x0000000707000000, 0x0000000707000000| Untracked 
|  52|0x0000000707200000, 0x0000000707200000, 0x0000000707400000|  0%| F|  |TAMS 0x0000000707200000, 0x0000000707200000| Untracked 
|  53|0x0000000707400000, 0x0000000707400000, 0x0000000707600000|  0%| F|  |TAMS 0x0000000707400000, 0x0000000707400000| Untracked 
|  54|0x0000000707600000, 0x0000000707600000, 0x0000000707800000|  0%| F|  |TAMS 0x0000000707600000, 0x0000000707600000| Untracked 
|  55|0x0000000707800000, 0x0000000707800000, 0x0000000707a00000|  0%| F|  |TAMS 0x0000000707800000, 0x0000000707800000| Untracked 
|  56|0x0000000707a00000, 0x0000000707a00000, 0x0000000707c00000|  0%| F|  |TAMS 0x0000000707a00000, 0x0000000707a00000| Untracked 
|  57|0x0000000707c00000, 0x0000000707c00000, 0x0000000707e00000|  0%| F|  |TAMS 0x0000000707c00000, 0x0000000707c00000| Untracked 
|  58|0x0000000707e00000, 0x0000000707e00000, 0x0000000708000000|  0%| F|  |TAMS 0x0000000707e00000, 0x0000000707e00000| Untracked 
|  59|0x0000000708000000, 0x0000000708000000, 0x0000000708200000|  0%| F|  |TAMS 0x0000000708000000, 0x0000000708000000| Untracked 
|  60|0x0000000708200000, 0x0000000708200000, 0x0000000708400000|  0%| F|  |TAMS 0x0000000708200000, 0x0000000708200000| Untracked 
|  61|0x0000000708400000, 0x0000000708400000, 0x0000000708600000|  0%| F|  |TAMS 0x0000000708400000, 0x0000000708400000| Untracked 
|  62|0x0000000708600000, 0x0000000708600000, 0x0000000708800000|  0%| F|  |TAMS 0x0000000708600000, 0x0000000708600000| Untracked 
|  63|0x0000000708800000, 0x0000000708800000, 0x0000000708a00000|  0%| F|  |TAMS 0x0000000708800000, 0x0000000708800000| Untracked 
|  64|0x0000000708a00000, 0x0000000708a00000, 0x0000000708c00000|  0%| F|  |TAMS 0x0000000708a00000, 0x0000000708a00000| Untracked 
|  65|0x0000000708c00000, 0x0000000708c00000, 0x0000000708e00000|  0%| F|  |TAMS 0x0000000708c00000, 0x0000000708c00000| Untracked 
|  66|0x0000000708e00000, 0x0000000708e00000, 0x0000000709000000|  0%| F|  |TAMS 0x0000000708e00000, 0x0000000708e00000| Untracked 
|  67|0x0000000709000000, 0x0000000709000000, 0x0000000709200000|  0%| F|  |TAMS 0x0000000709000000, 0x0000000709000000| Untracked 
|  68|0x0000000709200000, 0x0000000709200000, 0x0000000709400000|  0%| F|  |TAMS 0x0000000709200000, 0x0000000709200000| Untracked 
|  69|0x0000000709400000, 0x0000000709400000, 0x0000000709600000|  0%| F|  |TAMS 0x0000000709400000, 0x0000000709400000| Untracked 
|  70|0x0000000709600000, 0x0000000709600000, 0x0000000709800000|  0%| F|  |TAMS 0x0000000709600000, 0x0000000709600000| Untracked 
|  71|0x0000000709800000, 0x0000000709800000, 0x0000000709a00000|  0%| F|  |TAMS 0x0000000709800000, 0x0000000709800000| Untracked 
|  72|0x0000000709a00000, 0x0000000709a00000, 0x0000000709c00000|  0%| F|  |TAMS 0x0000000709a00000, 0x0000000709a00000| Untracked 
|  73|0x0000000709c00000, 0x0000000709c00000, 0x0000000709e00000|  0%| F|  |TAMS 0x0000000709c00000, 0x0000000709c00000| Untracked 
|  74|0x0000000709e00000, 0x0000000709e00000, 0x000000070a000000|  0%| F|  |TAMS 0x0000000709e00000, 0x0000000709e00000| Untracked 
|  75|0x000000070a000000, 0x000000070a000000, 0x000000070a200000|  0%| F|  |TAMS 0x000000070a000000, 0x000000070a000000| Untracked 
|  76|0x000000070a200000, 0x000000070a200000, 0x000000070a400000|  0%| F|  |TAMS 0x000000070a200000, 0x000000070a200000| Untracked 
|  77|0x000000070a400000, 0x000000070a400000, 0x000000070a600000|  0%| F|  |TAMS 0x000000070a400000, 0x000000070a400000| Untracked 
|  78|0x000000070a600000, 0x000000070a600000, 0x000000070a800000|  0%| F|  |TAMS 0x000000070a600000, 0x000000070a600000| Untracked 
|  79|0x000000070a800000, 0x000000070a800000, 0x000000070aa00000|  0%| F|  |TAMS 0x000000070a800000, 0x000000070a800000| Untracked 
|  80|0x000000070aa00000, 0x000000070aa00000, 0x000000070ac00000|  0%| F|  |TAMS 0x000000070aa00000, 0x000000070aa00000| Untracked 
|  81|0x000000070ac00000, 0x000000070ac00000, 0x000000070ae00000|  0%| F|  |TAMS 0x000000070ac00000, 0x000000070ac00000| Untracked 
|  82|0x000000070ae00000, 0x000000070ae00000, 0x000000070b000000|  0%| F|  |TAMS 0x000000070ae00000, 0x000000070ae00000| Untracked 
|  83|0x000000070b000000, 0x000000070b000000, 0x000000070b200000|  0%| F|  |TAMS 0x000000070b000000, 0x000000070b000000| Untracked 
|  84|0x000000070b200000, 0x000000070b200000, 0x000000070b400000|  0%| F|  |TAMS 0x000000070b200000, 0x000000070b200000| Untracked 
|  85|0x000000070b400000, 0x000000070b400000, 0x000000070b600000|  0%| F|  |TAMS 0x000000070b400000, 0x000000070b400000| Untracked 
|  86|0x000000070b600000, 0x000000070b600000, 0x000000070b800000|  0%| F|  |TAMS 0x000000070b600000, 0x000000070b600000| Untracked 
|  87|0x000000070b800000, 0x000000070b800000, 0x000000070ba00000|  0%| F|  |TAMS 0x000000070b800000, 0x000000070b800000| Untracked 
|  88|0x000000070ba00000, 0x000000070ba00000, 0x000000070bc00000|  0%| F|  |TAMS 0x000000070ba00000, 0x000000070ba00000| Untracked 
|  89|0x000000070bc00000, 0x000000070bc00000, 0x000000070be00000|  0%| F|  |TAMS 0x000000070bc00000, 0x000000070bc00000| Untracked 
|  90|0x000000070be00000, 0x000000070be00000, 0x000000070c000000|  0%| F|  |TAMS 0x000000070be00000, 0x000000070be00000| Untracked 
|  91|0x000000070c000000, 0x000000070c000000, 0x000000070c200000|  0%| F|  |TAMS 0x000000070c000000, 0x000000070c000000| Untracked 
|  92|0x000000070c200000, 0x000000070c200000, 0x000000070c400000|  0%| F|  |TAMS 0x000000070c200000, 0x000000070c200000| Untracked 
|  93|0x000000070c400000, 0x000000070c400000, 0x000000070c600000|  0%| F|  |TAMS 0x000000070c400000, 0x000000070c400000| Untracked 
|  94|0x000000070c600000, 0x000000070c600000, 0x000000070c800000|  0%| F|  |TAMS 0x000000070c600000, 0x000000070c600000| Untracked 
|  95|0x000000070c800000, 0x000000070c800000, 0x000000070ca00000|  0%| F|  |TAMS 0x000000070c800000, 0x000000070c800000| Untracked 
|  96|0x000000070ca00000, 0x000000070ca00000, 0x000000070cc00000|  0%| F|  |TAMS 0x000000070ca00000, 0x000000070ca00000| Untracked 
|  97|0x000000070cc00000, 0x000000070cc00000, 0x000000070ce00000|  0%| F|  |TAMS 0x000000070cc00000, 0x000000070cc00000| Untracked 
|  98|0x000000070ce00000, 0x000000070ce00000, 0x000000070d000000|  0%| F|  |TAMS 0x000000070ce00000, 0x000000070ce00000| Untracked 
|  99|0x000000070d000000, 0x000000070d000000, 0x000000070d200000|  0%| F|  |TAMS 0x000000070d000000, 0x000000070d000000| Untracked 
| 100|0x000000070d200000, 0x000000070d200000, 0x000000070d400000|  0%| F|  |TAMS 0x000000070d200000, 0x000000070d200000| Untracked 
| 101|0x000000070d400000, 0x000000070d400000, 0x000000070d600000|  0%| F|  |TAMS 0x000000070d400000, 0x000000070d400000| Untracked 
| 102|0x000000070d600000, 0x000000070d600000, 0x000000070d800000|  0%| F|  |TAMS 0x000000070d600000, 0x000000070d600000| Untracked 
| 103|0x000000070d800000, 0x000000070d800000, 0x000000070da00000|  0%| F|  |TAMS 0x000000070d800000, 0x000000070d800000| Untracked 
| 104|0x000000070da00000, 0x000000070da00000, 0x000000070dc00000|  0%| F|  |TAMS 0x000000070da00000, 0x000000070da00000| Untracked 
| 105|0x000000070dc00000, 0x000000070dc00000, 0x000000070de00000|  0%| F|  |TAMS 0x000000070dc00000, 0x000000070dc00000| Untracked 
| 106|0x000000070de00000, 0x000000070de00000, 0x000000070e000000|  0%| F|  |TAMS 0x000000070de00000, 0x000000070de00000| Untracked 
| 107|0x000000070e000000, 0x000000070e000000, 0x000000070e200000|  0%| F|  |TAMS 0x000000070e000000, 0x000000070e000000| Untracked 
| 108|0x000000070e200000, 0x000000070e200000, 0x000000070e400000|  0%| F|  |TAMS 0x000000070e200000, 0x000000070e200000| Untracked 
| 109|0x000000070e400000, 0x000000070e400000, 0x000000070e600000|  0%| F|  |TAMS 0x000000070e400000, 0x000000070e400000| Untracked 
| 110|0x000000070e600000, 0x000000070e600000, 0x000000070e800000|  0%| F|  |TAMS 0x000000070e600000, 0x000000070e600000| Untracked 
| 111|0x000000070e800000, 0x000000070e800000, 0x000000070ea00000|  0%| F|  |TAMS 0x000000070e800000, 0x000000070e800000| Untracked 
| 112|0x000000070ea00000, 0x000000070ea00000, 0x000000070ec00000|  0%| F|  |TAMS 0x000000070ea00000, 0x000000070ea00000| Untracked 
| 113|0x000000070ec00000, 0x000000070ec00000, 0x000000070ee00000|  0%| F|  |TAMS 0x000000070ec00000, 0x000000070ec00000| Untracked 
| 114|0x000000070ee00000, 0x000000070ee00000, 0x000000070f000000|  0%| F|  |TAMS 0x000000070ee00000, 0x000000070ee00000| Untracked 
| 115|0x000000070f000000, 0x000000070f000000, 0x000000070f200000|  0%| F|  |TAMS 0x000000070f000000, 0x000000070f000000| Untracked 
| 116|0x000000070f200000, 0x000000070f200000, 0x000000070f400000|  0%| F|  |TAMS 0x000000070f200000, 0x000000070f200000| Untracked 
| 117|0x000000070f400000, 0x000000070f400000, 0x000000070f600000|  0%| F|  |TAMS 0x000000070f400000, 0x000000070f400000| Untracked 
| 118|0x000000070f600000, 0x000000070f600000, 0x000000070f800000|  0%| F|  |TAMS 0x000000070f600000, 0x000000070f600000| Untracked 
| 119|0x000000070f800000, 0x000000070f800000, 0x000000070fa00000|  0%| F|  |TAMS 0x000000070f800000, 0x000000070f800000| Untracked 
| 120|0x000000070fa00000, 0x000000070fa00000, 0x000000070fc00000|  0%| F|  |TAMS 0x000000070fa00000, 0x000000070fa00000| Untracked 
| 121|0x000000070fc00000, 0x000000070fc00000, 0x000000070fe00000|  0%| F|  |TAMS 0x000000070fc00000, 0x000000070fc00000| Untracked 
| 122|0x000000070fe00000, 0x000000070fe00000, 0x0000000710000000|  0%| F|  |TAMS 0x000000070fe00000, 0x000000070fe00000| Untracked 
| 123|0x0000000710000000, 0x0000000710156b48, 0x0000000710200000| 66%| E|  |TAMS 0x0000000710000000, 0x0000000710000000| Complete 
| 124|0x0000000710200000, 0x0000000710400000, 0x0000000710400000|100%| E|CS|TAMS 0x0000000710200000, 0x0000000710200000| Complete 
| 125|0x0000000710400000, 0x0000000710600000, 0x0000000710600000|100%| E|  |TAMS 0x0000000710400000, 0x0000000710400000| Complete 
| 126|0x0000000710600000, 0x0000000710800000, 0x0000000710800000|100%| E|CS|TAMS 0x0000000710600000, 0x0000000710600000| Complete 
| 127|0x0000000710800000, 0x0000000710a00000, 0x0000000710a00000|100%| E|CS|TAMS 0x0000000710800000, 0x0000000710800000| Complete 

Card table byte_map: [0x0000022bf81e0000,0x0000022bf89e0000] _byte_map_base: 0x0000022bf49db000

Marking Bits (Prev, Next): (CMBitMap*) 0x0000022be0afc830, (CMBitMap*) 0x0000022be0afc870
 Prev Bits: [0x0000022bf91e0000, 0x0000022bfd1b8000)
 Next Bits: [0x0000022b80000000, 0x0000022b83fd8000)

Polling page: 0x0000022bde820000

Metaspace:

Usage:
  Non-class:      2.05 MB used.
      Class:    187.70 KB used.
       Both:      2.23 MB used.

Virtual space:
  Non-class space:       64.00 MB reserved,       2.12 MB (  3%) committed,  1 nodes.
      Class space:        1.00 GB reserved,     256.00 KB ( <1%) committed,  1 nodes.
             Both:        1.06 GB reserved,       2.38 MB ( <1%) committed. 

Chunk freelists:
   Non-Class:  3.25 MB
       Class:  3.63 MB
        Both:  6.88 MB

MaxMetaspaceSize: unlimited
CompressedClassSpaceSize: 1.00 GB
Initial GC threshold: 21.00 MB
Current GC threshold: 21.00 MB
CDS: on
MetaspaceReclaimPolicy: balanced
 - commit_granule_bytes: 65536.
 - commit_granule_words: 8192.
 - virtual_space_node_default_size: 8388608.
 - enlarge_chunks_in_place: 1.
 - new_chunks_are_fully_committed: 0.
 - uncommit_free_chunks: 1.
 - use_allocation_guard: 0.


Internal statistics:

num_allocs_failed_limit: 0.
num_arena_births: 92.
num_arena_deaths: 0.
num_vsnodes_births: 2.
num_vsnodes_deaths: 0.
num_space_committed: 38.
num_space_uncommitted: 0.
num_chunks_returned_to_freelist: 0.
num_chunks_taken_from_freelist: 140.
num_chunk_merges: 0.
num_chunk_splits: 90.
num_chunks_enlarged: 59.
num_inconsistent_stats: 0.

CodeHeap 'non-profiled nmethods': size=120000Kb used=207Kb max_used=207Kb free=119792Kb
 bounds [0x0000022bf04b0000, 0x0000022bf0720000, 0x0000022bf79e0000]
CodeHeap 'profiled nmethods': size=120000Kb used=889Kb max_used=889Kb free=119110Kb
 bounds [0x0000022be89e0000, 0x0000022be8c50000, 0x0000022beff10000]
CodeHeap 'non-nmethods': size=5760Kb used=1299Kb max_used=1311Kb free=4460Kb
 bounds [0x0000022beff10000, 0x0000022bf0180000, 0x0000022bf04b0000]
 total_blobs=1080 nmethods=640 adapters=351
 compilation: enabled
              stopped_count=0, restarted_count=0
 full_count=0

Compilation events (20 events):
Event: 1.762 Thread 0x0000022bff4c5a10  630       3       java.util.regex.Pattern$BmpCharProperty::match (55 bytes)
Event: 1.762 Thread 0x0000022bff4c5a10 nmethod 630 0x0000022be8ab8510 code [0x0000022be8ab8700, 0x0000022be8ab8bc8]
Event: 1.762 Thread 0x0000022bff4c5a10  631       3       java.util.regex.Pattern$$Lambda$18/0x800000028::is (9 bytes)
Event: 1.762 Thread 0x0000022bff4c5a10 nmethod 631 0x0000022be8ab8d10 code [0x0000022be8ab8ec0, 0x0000022be8ab9098]
Event: 1.763 Thread 0x0000022bff4c5a10  632   !   3       jdk.internal.loader.BuiltinClassLoader::loadClassOrNull (143 bytes)
Event: 1.764 Thread 0x0000022bff4c5a10 nmethod 632 0x0000022be8ab9190 code [0x0000022be8ab9460, 0x0000022be8aba448]
Event: 1.764 Thread 0x0000022bff4c5a10  634       3       jdk.internal.loader.BuiltinClassLoader::loadClassOrNull (7 bytes)
Event: 1.764 Thread 0x0000022bff4c5a10 nmethod 634 0x0000022be8abab10 code [0x0000022be8abacc0, 0x0000022be8abaea8]
Event: 1.764 Thread 0x0000022bff4c5a10  635       3       java.net.URL::isBuiltinStreamHandler (32 bytes)
Event: 1.764 Thread 0x0000022bff4c5a10 nmethod 635 0x0000022be8abaf90 code [0x0000022be8abb1e0, 0x0000022be8abba98]
Event: 1.766 Thread 0x0000022bff4c5a10  636       3       jdk.internal.jimage.ImageStringsReader::hashCode (33 bytes)
Event: 1.766 Thread 0x0000022bff4c5a10 nmethod 636 0x0000022be8abbe10 code [0x0000022be8abbfc0, 0x0000022be8abc138]
Event: 1.766 Thread 0x0000022bff4c5a10  637   !   3       java.nio.DirectIntBufferU::get (34 bytes)
Event: 1.767 Thread 0x0000022bff4c5a10 nmethod 637 0x0000022be8abc210 code [0x0000022be8abc460, 0x0000022be8abce58]
Event: 1.767 Thread 0x0000022bff4c5a10  638       3       java.nio.DirectIntBufferU::ix (10 bytes)
Event: 1.767 Thread 0x0000022bff4c5a10 nmethod 638 0x0000022be8abd390 code [0x0000022be8abd520, 0x0000022be8abd638]
Event: 1.767 Thread 0x0000022bff4c5a10  639   !   3       jdk.internal.misc.ScopedMemoryAccess::getInt (16 bytes)
Event: 1.767 Thread 0x0000022bff4c5a10 nmethod 639 0x0000022be8abd710 code [0x0000022be8abd900, 0x0000022be8abdd18]
Event: 1.767 Thread 0x0000022bff4c5a10  640   !   3       jdk.internal.misc.ScopedMemoryAccess::getIntInternal (34 bytes)
Event: 1.767 Thread 0x0000022bff4c5a10 nmethod 640 0x0000022be8abdf90 code [0x0000022be8abe160, 0x0000022be8abe408]

GC Heap History (0 events):
No events

Dll operation events (9 events):
Event: 0.175 Loaded shared library D:\jdk19\bin\java.dll
Event: 0.176 Loaded shared library D:\jdk19\bin\zip.dll
Event: 0.183 Loaded shared library D:\jdk19\bin\jsvml.dll
Event: 1.274 Loaded shared library D:\jdk19\bin\instrument.dll
Event: 1.421 Loaded shared library D:\jdk19\bin\net.dll
Event: 1.423 Loaded shared library D:\jdk19\bin\nio.dll
Event: 1.455 Loaded shared library D:\jdk19\bin\zip.dll
Event: 1.580 Loaded shared library D:\jdk19\bin\jimage.dll
Event: 1.658 Loaded shared library C:\Users\saky-hp-n\AppData\Local\Temp\lwjglsaky-hp-n\3.3.1-build-7\lwjgl.dll

Deoptimization events (20 events):
Event: 1.643 Thread 0x0000022be0a89600 DEOPT PACKING pc=0x0000022bf04d2688 sp=0x0000009cc45fbb30
Event: 1.643 Thread 0x0000022be0a89600 DEOPT UNPACKING pc=0x0000022beff76da3 sp=0x0000009cc45fbac8 mode 2
Event: 1.644 Thread 0x0000022be0a89600 DEOPT PACKING pc=0x0000022be8a0d0ea sp=0x0000009cc45fb780
Event: 1.644 Thread 0x0000022be0a89600 DEOPT UNPACKING pc=0x0000022beff77543 sp=0x0000009cc45faba0 mode 0
Event: 1.692 Thread 0x0000022be0a89600 Uncommon trap: trap_request=0xffffffbe fr.pc=0x0000022bf04da75c relative=0x000000000000059c
Event: 1.692 Thread 0x0000022be0a89600 Uncommon trap: reason=profile_predicate action=maybe_recompile pc=0x0000022bf04da75c method=jdk.internal.org.objectweb.asm.ByteVector.putUTF8(Ljava/lang/String;)Ljdk/internal/org/objectweb/asm/ByteVector; @ 79 c2
Event: 1.692 Thread 0x0000022be0a89600 DEOPT PACKING pc=0x0000022bf04da75c sp=0x0000009cc45fb520
Event: 1.692 Thread 0x0000022be0a89600 DEOPT UNPACKING pc=0x0000022beff76da3 sp=0x0000009cc45fb4a0 mode 2
Event: 1.692 Thread 0x0000022be0a89600 Uncommon trap: trap_request=0xffffffbe fr.pc=0x0000022bf04da75c relative=0x000000000000059c
Event: 1.692 Thread 0x0000022be0a89600 Uncommon trap: reason=profile_predicate action=maybe_recompile pc=0x0000022bf04da75c method=jdk.internal.org.objectweb.asm.ByteVector.putUTF8(Ljava/lang/String;)Ljdk/internal/org/objectweb/asm/ByteVector; @ 79 c2
Event: 1.692 Thread 0x0000022be0a89600 DEOPT PACKING pc=0x0000022bf04da75c sp=0x0000009cc45fb590
Event: 1.692 Thread 0x0000022be0a89600 DEOPT UNPACKING pc=0x0000022beff76da3 sp=0x0000009cc45fb510 mode 2
Event: 1.692 Thread 0x0000022be0a89600 Uncommon trap: trap_request=0xffffffbe fr.pc=0x0000022bf04da75c relative=0x000000000000059c
Event: 1.692 Thread 0x0000022be0a89600 Uncommon trap: reason=profile_predicate action=maybe_recompile pc=0x0000022bf04da75c method=jdk.internal.org.objectweb.asm.ByteVector.putUTF8(Ljava/lang/String;)Ljdk/internal/org/objectweb/asm/ByteVector; @ 79 c2
Event: 1.692 Thread 0x0000022be0a89600 DEOPT PACKING pc=0x0000022bf04da75c sp=0x0000009cc45fb6b0
Event: 1.692 Thread 0x0000022be0a89600 DEOPT UNPACKING pc=0x0000022beff76da3 sp=0x0000009cc45fb630 mode 2
Event: 1.692 Thread 0x0000022be0a89600 Uncommon trap: trap_request=0xffffffbe fr.pc=0x0000022bf04da75c relative=0x000000000000059c
Event: 1.692 Thread 0x0000022be0a89600 Uncommon trap: reason=profile_predicate action=maybe_recompile pc=0x0000022bf04da75c method=jdk.internal.org.objectweb.asm.ByteVector.putUTF8(Ljava/lang/String;)Ljdk/internal/org/objectweb/asm/ByteVector; @ 79 c2
Event: 1.692 Thread 0x0000022be0a89600 DEOPT PACKING pc=0x0000022bf04da75c sp=0x0000009cc45fb560
Event: 1.692 Thread 0x0000022be0a89600 DEOPT UNPACKING pc=0x0000022beff76da3 sp=0x0000009cc45fb4e0 mode 2

Classes loaded (20 events):
Event: 1.752 Loading class org/lwjgl/glfw/GLFW
Event: 1.752 Loading class org/lwjgl/glfw/GLFW done
Event: 1.754 Loading class org/lwjgl/glfw/GLFWImage$Buffer
Event: 1.754 Loading class org/lwjgl/glfw/GLFWImage$Buffer done
Event: 1.754 Loading class org/lwjgl/system/StructBuffer
Event: 1.754 Loading class org/lwjgl/system/StructBuffer done
Event: 1.762 Loading class org/lwjgl/system/APIUtil$1
Event: 1.762 Loading class org/lwjgl/system/APIUtil$1 done
Event: 1.763 Loading class java/lang/NoSuchFieldError
Event: 1.763 Loading class java/lang/NoSuchFieldError done
Event: 1.763 Loading class org/lwjgl/system/windows/WindowsLibrary
Event: 1.763 Loading class org/lwjgl/system/windows/WindowsLibrary done
Event: 1.763 Loading class org/lwjgl/system/SharedLibrary$Default
Event: 1.763 Loading class org/lwjgl/system/SharedLibrary$Default done
Event: 1.764 Loading class org/lwjgl/system/windows/WinBase
Event: 1.764 Loading class org/lwjgl/system/windows/WinBase done
Event: 1.764 Loading class org/lwjgl/system/ThreadLocalUtil
Event: 1.764 Loading class org/lwjgl/system/ThreadLocalUtil done
Event: 1.767 Loading class jdk/internal/reflect/MethodHandleIntegerFieldAccessorImpl
Event: 1.767 Loading class jdk/internal/reflect/MethodHandleIntegerFieldAccessorImpl done

Classes unloaded (0 events):
No events

Classes redefined (0 events):
No events

Internal exceptions (20 events):
Event: 1.275 Thread 0x0000022be0a89600 Exception <a 'java/lang/NoSuchMethodError'{0x000000071063a038}: 'void java.lang.invoke.DirectMethodHandle$Holder.invokeStatic(java.lang.Object, java.lang.Object, java.lang.Object)'> (0x000000071063a038) 
thrown [s\open\src\hotspot\share\interpreter\linkResolver.cpp, line 774]
Event: 1.280 Thread 0x0000022be0a89600 Exception <a 'java/lang/NoSuchMethodError'{0x000000071068ff90}: 'java.lang.Object java.lang.invoke.Invokers$Holder.invokeExact_MT(java.lang.Object, java.lang.Object, java.lang.Object, java.lang.Object, java.lang.Object)'> (0x000000071068ff90) 
thrown [s\open\src\hotspot\share\interpreter\linkResolver.cpp, line 774]
Event: 1.504 Thread 0x0000022be0a89600 Exception <a 'java/lang/NoSuchMethodError'{0x00000007104ad200}: 'java.lang.Object java.lang.invoke.DirectMethodHandle$Holder.invokeStaticInit(java.lang.Object)'> (0x00000007104ad200) 
thrown [s\open\src\hotspot\share\interpreter\linkResolver.cpp, line 774]
Event: 1.532 Thread 0x0000022be0a89600 Exception <a 'java/lang/NoSuchMethodError'{0x0000000710519890}: 'void java.lang.invoke.DirectMethodHandle$Holder.invokeStatic(java.lang.Object, java.lang.Object)'> (0x0000000710519890) 
thrown [s\open\src\hotspot\share\interpreter\linkResolver.cpp, line 774]
Event: 1.542 Thread 0x0000022be0a89600 Exception <a 'java/lang/NoSuchMethodError'{0x0000000710524150}: 'void java.lang.System.load(java.lang.String, java.lang.Class)'> (0x0000000710524150) 
thrown [s\open\src\hotspot\share\interpreter\linkResolver.cpp, line 774]
Event: 1.542 Thread 0x0000022be0a89600 Exception <a 'java/lang/NoSuchMethodError'{0x0000000710524b50}: 'void java.lang.invoke.DirectMethodHandle$Holder.invokeSpecial(java.lang.Object, java.lang.Object, java.lang.Object)'> (0x0000000710524b50) 
thrown [s\open\src\hotspot\share\interpreter\linkResolver.cpp, line 774]
Event: 1.546 Thread 0x0000022be0a89600 Exception <a 'java/lang/NoSuchMethodError'{0x00000007105391f0}: 'java.lang.Object java.lang.invoke.DirectMethodHandle$Holder.invokeStatic(java.lang.Object, java.lang.Object, int)'> (0x00000007105391f0) 
thrown [s\open\src\hotspot\share\interpreter\linkResolver.cpp, line 774]
Event: 1.547 Thread 0x0000022be0a89600 Exception <a 'java/lang/NoSuchMethodError'{0x0000000710545240}: 'void java.lang.invoke.DelegatingMethodHandle$Holder.delegate(java.lang.Object, java.lang.Object, int, java.lang.Object)'> (0x0000000710545240) 
thrown [s\open\src\hotspot\share\interpreter\linkResolver.cpp, line 774]
Event: 1.548 Thread 0x0000022be0a89600 Exception <a 'java/lang/NoSuchMethodError'{0x0000000710549240}: 'int java.lang.invoke.DirectMethodHandle$Holder.invokeSpecial(java.lang.Object, java.lang.Object, java.lang.Object)'> (0x0000000710549240) 
thrown [s\open\src\hotspot\share\interpreter\linkResolver.cpp, line 774]
Event: 1.560 Thread 0x0000022be0a89600 Exception <a 'java/lang/NoSuchMethodError'{0x00000007105667f8}: 'void java.lang.System.loadLibrary(java.lang.String, java.lang.Class)'> (0x00000007105667f8) 
thrown [s\open\src\hotspot\share\interpreter\linkResolver.cpp, line 774]
Event: 1.654 Thread 0x0000022be0a89600 Exception <a 'sun/nio/fs/WindowsException'{0x0000000710374618}> (0x0000000710374618) 
thrown [s\open\src\hotspot\share\prims\jni.cpp, line 517]
Event: 1.654 Thread 0x0000022be0a89600 Exception <a 'sun/nio/fs/WindowsException'{0x0000000710375c70}> (0x0000000710375c70) 
thrown [s\open\src\hotspot\share\prims\jni.cpp, line 517]
Event: 1.687 Thread 0x0000022be0a89600 Exception <a 'java/lang/NoSuchMethodError'{0x00000007100090c0}: 'int java.lang.invoke.DirectMethodHandle$Holder.invokeStaticInit(java.lang.Object, java.lang.Object, int, long)'> (0x00000007100090c0) 
thrown [s\open\src\hotspot\share\interpreter\linkResolver.cpp, line 774]
Event: 1.688 Thread 0x0000022be0a89600 Exception <a 'java/lang/NoSuchMethodError'{0x000000071000e990}: 'java.lang.Object java.lang.invoke.DirectMethodHandle$Holder.newInvokeSpecial(java.lang.Object, java.lang.Object, int)'> (0x000000071000e990) 
thrown [s\open\src\hotspot\share\interpreter\linkResolver.cpp, line 774]
Event: 1.693 Thread 0x0000022be0a89600 Exception <a 'java/lang/NoSuchMethodError'{0x0000000710022e58}: 'int java.lang.invoke.DirectMethodHandle$Holder.invokeStaticInit(java.lang.Object, java.lang.Object, long, long)'> (0x0000000710022e58) 
thrown [s\open\src\hotspot\share\interpreter\linkResolver.cpp, line 774]
Event: 1.697 Thread 0x0000022be0a89600 Exception <a 'java/lang/NoSuchMethodError'{0x0000000710028f70}: 'java.lang.Object java.lang.invoke.DirectMethodHandle$Holder.newInvokeSpecial(java.lang.Object, java.lang.Object, long)'> (0x0000000710028f70) 
thrown [s\open\src\hotspot\share\interpreter\linkResolver.cpp, line 774]
Event: 1.700 Thread 0x0000022be0a89600 Exception <a 'java/lang/NoSuchMethodError'{0x000000071002cfd0}: 'java.lang.Object java.lang.invoke.Invokers$Holder.linkToTargetMethod(java.lang.Object, long, java.lang.Object)'> (0x000000071002cfd0) 
thrown [s\open\src\hotspot\share\interpreter\linkResolver.cpp, line 774]
Event: 1.700 Thread 0x0000022be0a89600 Exception <a 'java/lang/NoSuchMethodError'{0x0000000710034558}: 'int java.lang.invoke.DirectMethodHandle$Holder.invokeStaticInit(java.lang.Object, java.lang.Object, java.lang.Object, long)'> (0x0000000710034558) 
thrown [s\open\src\hotspot\share\interpreter\linkResolver.cpp, line 774]
Event: 1.762 Thread 0x0000022be0a89600 Exception <a 'sun/nio/fs/WindowsException'{0x0000000710139878}> (0x0000000710139878) 
thrown [s\open\src\hotspot\share\prims\jni.cpp, line 517]
Event: 1.762 Thread 0x0000022be0a89600 Exception <a 'sun/nio/fs/WindowsException'{0x0000000710139c08}> (0x0000000710139c08) 
thrown [s\open\src\hotspot\share\prims\jni.cpp, line 517]

VM Operations (8 events):
Event: 0.244 Executing VM operation: HandshakeAllThreads
Event: 0.244 Executing VM operation: HandshakeAllThreads done
Event: 0.331 Executing VM operation: ChangeBreakpoints
Event: 0.332 Executing VM operation: ChangeBreakpoints done
Event: 1.270 Executing VM operation: ChangeBreakpoints
Event: 1.270 Executing VM operation: ChangeBreakpoints done
Event: 1.271 Executing VM operation: ChangeBreakpoints
Event: 1.271 Executing VM operation: ChangeBreakpoints done

Events (15 events):
Event: 0.184 Thread 0x0000022be0a89600 Thread added: 0x0000022be0a89600
Event: 0.196 Thread 0x0000022bff4aa2e0 Thread added: 0x0000022bff4aa2e0
Event: 0.196 Thread 0x0000022bff4ab0d0 Thread added: 0x0000022bff4ab0d0
Event: 0.197 Thread 0x0000022bff4ae2d0 Thread added: 0x0000022bff4ae2d0
Event: 0.197 Thread 0x0000022bff4b0110 Thread added: 0x0000022bff4b0110
Event: 0.197 Thread 0x0000022bff4b0a40 Thread added: 0x0000022bff4b0a40
Event: 0.197 Thread 0x0000022bff4b5390 Thread added: 0x0000022bff4b5390
Event: 0.197 Thread 0x0000022bff4b6130 Thread added: 0x0000022bff4b6130
Event: 0.197 Thread 0x0000022bff4c5a10 Thread added: 0x0000022bff4c5a10
Event: 0.198 Thread 0x0000022b88170fd0 Thread added: 0x0000022b88170fd0
Event: 0.236 Thread 0x0000022b8821d660 Thread added: 0x0000022b8821d660
Event: 0.331 Thread 0x0000022b883ee270 Thread added: 0x0000022b883ee270
Event: 0.331 Thread 0x0000022b882fb9d0 Thread added: 0x0000022b882fb9d0
Event: 0.331 Thread 0x0000022b882fbf20 Thread added: 0x0000022b882fbf20
Event: 1.304 Thread 0x0000022b883f4e90 Thread added: 0x0000022b883f4e90


Dynamic libraries:
0x00007ff704050000 - 0x00007ff70405e000 	D:\jdk19\bin\java.exe
0x00007ffd97390000 - 0x00007ffd97588000 	C:\WINDOWS\SYSTEM32\ntdll.dll
0x00007ffd5ff90000 - 0x00007ffd5ffa6000 	D:\Avast\aswhook.dll
0x00007ffd96bf0000 - 0x00007ffd96caf000 	C:\WINDOWS\System32\KERNEL32.DLL
0x00007ffd94cf0000 - 0x00007ffd94fc2000 	C:\WINDOWS\System32\KERNELBASE.dll
0x00007ffd95180000 - 0x00007ffd95280000 	C:\WINDOWS\System32\ucrtbase.dll
0x00007ffd8a4c0000 - 0x00007ffd8a4d7000 	D:\jdk19\bin\jli.dll
0x00007ffd96e10000 - 0x00007ffd96fad000 	C:\WINDOWS\System32\USER32.dll
0x00007ffd95320000 - 0x00007ffd95342000 	C:\WINDOWS\System32\win32u.dll
0x00007ffd970d0000 - 0x00007ffd970fb000 	C:\WINDOWS\System32\GDI32.dll
0x00007ffd94b30000 - 0x00007ffd94c3f000 	C:\WINDOWS\System32\gdi32full.dll
0x00007ffd94a90000 - 0x00007ffd94b2d000 	C:\WINDOWS\System32\msvcp_win.dll
0x00007ffd8b230000 - 0x00007ffd8b24b000 	D:\jdk19\bin\VCRUNTIME140.dll
0x00007ffd81680000 - 0x00007ffd8191a000 	C:\WINDOWS\WinSxS\amd64_microsoft.windows.common-controls_6595b64144ccf1df_6.0.19041.1110_none_60b5254171f9507e\COMCTL32.dll
0x00007ffd972b0000 - 0x00007ffd9734e000 	C:\WINDOWS\System32\msvcrt.dll
0x00007ffd96a80000 - 0x00007ffd96ab2000 	C:\WINDOWS\System32\IMM32.DLL
0x00007ffd903d0000 - 0x00007ffd903dc000 	D:\jdk19\bin\vcruntime140_1.dll
0x00007ffd58d50000 - 0x00007ffd58dde000 	D:\jdk19\bin\msvcp140.dll
0x00007ffd312e0000 - 0x00007ffd31fa0000 	D:\jdk19\bin\server\jvm.dll
0x00007ffd969d0000 - 0x00007ffd96a7e000 	C:\WINDOWS\System32\ADVAPI32.dll
0x00007ffd95700000 - 0x00007ffd9579c000 	C:\WINDOWS\System32\sechost.dll
0x00007ffd96ac0000 - 0x00007ffd96be5000 	C:\WINDOWS\System32\RPCRT4.dll
0x00007ffd7b720000 - 0x00007ffd7b729000 	C:\WINDOWS\SYSTEM32\WSOCK32.dll
0x00007ffd85fd0000 - 0x00007ffd85ff7000 	C:\WINDOWS\SYSTEM32\WINMM.dll
0x00007ffd937d0000 - 0x00007ffd937da000 	C:\WINDOWS\SYSTEM32\VERSION.dll
0x00007ffd960a0000 - 0x00007ffd9610b000 	C:\WINDOWS\System32\WS2_32.dll
0x00007ffd93790000 - 0x00007ffd937a2000 	C:\WINDOWS\SYSTEM32\kernel.appcore.dll
0x00007ffd8a4b0000 - 0x00007ffd8a4ba000 	D:\jdk19\bin\jimage.dll
0x00007ffd8b8c0000 - 0x00007ffd8baa4000 	C:\WINDOWS\SYSTEM32\DBGHELP.DLL
0x00007ffd8b830000 - 0x00007ffd8b85c000 	C:\WINDOWS\SYSTEM32\dbgcore.DLL
0x00007ffd95350000 - 0x00007ffd953d2000 	C:\WINDOWS\System32\bcryptPrimitives.dll
0x00007ffd7eb10000 - 0x00007ffd7eb4c000 	D:\jdk19\bin\jdwp.dll
0x00007ffd80da0000 - 0x00007ffd80dae000 	D:\jdk19\bin\instrument.dll
0x00007ffd83cc0000 - 0x00007ffd83ce6000 	D:\jdk19\bin\java.dll
0x00007ffd83ca0000 - 0x00007ffd83cb8000 	D:\jdk19\bin\zip.dll
0x00007ffd575a0000 - 0x00007ffd57677000 	D:\jdk19\bin\jsvml.dll
0x00007ffd96190000 - 0x00007ffd968d3000 	C:\WINDOWS\System32\SHELL32.dll
0x00007ffd92ff0000 - 0x00007ffd93782000 	C:\WINDOWS\SYSTEM32\windows.storage.dll
0x00007ffd95ce0000 - 0x00007ffd96034000 	C:\WINDOWS\System32\combase.dll
0x00007ffd94410000 - 0x00007ffd94440000 	C:\WINDOWS\SYSTEM32\Wldp.dll
0x00007ffd957a0000 - 0x00007ffd9584d000 	C:\WINDOWS\System32\SHCORE.dll
0x00007ffd96040000 - 0x00007ffd96095000 	C:\WINDOWS\System32\shlwapi.dll
0x00007ffd949d0000 - 0x00007ffd949ef000 	C:\WINDOWS\SYSTEM32\profapi.dll
0x00007ffd80d90000 - 0x00007ffd80d9c000 	D:\jdk19\bin\dt_socket.dll
0x00007ffd93e20000 - 0x00007ffd93e5b000 	C:\WINDOWS\SYSTEM32\IPHLPAPI.DLL
0x00007ffd94180000 - 0x00007ffd941ea000 	C:\WINDOWS\system32\mswsock.dll
0x00007ffd84440000 - 0x00007ffd84453000 	D:\jdk19\bin\net.dll
0x00007ffd8adc0000 - 0x00007ffd8aecc000 	C:\WINDOWS\SYSTEM32\WINHTTP.dll
0x00007ffd83e90000 - 0x00007ffd83ea6000 	D:\jdk19\bin\nio.dll
0x00007ffd51aa0000 - 0x00007ffd51b15000 	C:\Users\saky-hp-n\AppData\Local\Temp\lwjglsaky-hp-n\3.3.1-build-7\lwjgl.dll
0x00007ffd5c100000 - 0x00007ffd5c161000 	C:\Users\SAKY-H~1\AppData\Local\Temp\lwjglsaky-hp-n\3.3.1-build-7\glfw.dll

dbghelp: loaded successfully - version: 4.0.5 - missing functions: none
symbol engine: initialized successfully - sym options: 0x614 - pdb path: .;D:\jdk19\bin;C:\WINDOWS\SYSTEM32;D:\Avast;C:\WINDOWS\WinSxS\amd64_microsoft.windows.common-controls_6595b64144ccf1df_6.0.19041.1110_none_60b5254171f9507e;D:\jdk19\bin\server;C:\Users\saky-hp-n\AppData\Local\Temp\lwjglsaky-hp-n\3.3.1-build-7;C:\Users\SAKY-H~1\AppData\Local\Temp\lwjglsaky-hp-n\3.3.1-build-7

VM Arguments:
jvm_args: -agentlib:jdwp=transport=dt_socket,address=127.0.0.1:64747,suspend=y,server=n -javaagent:C:\Users\saky-hp-n\AppData\Local\JetBrains\IntelliJIdea2022.2\captureAgent\debugger-agent.jar -Dfile.encoding=UTF-8 -Dsun.stdout.encoding=UTF-8 -Dsun.stderr.encoding=UTF-8 
java_command: Main
java_class_path (initial): I:\saky-N\Plocha\kola\3. Univezita\4. rok (Ing.)\ZS\PGRF3\task2\PGRF3task2final\out\production\PGRF3task2final;I:\saky-N\Plocha\kola\3. Univezita\4. rok (Ing.)\ZS\PGRF3\OpenGL\lwjgl-release-3.3.1-custom\lwjgl.jar;I:\saky-N\Plocha\kola\3. Univezita\4. rok (Ing.)\ZS\PGRF3\OpenGL\lwjgl-release-3.3.1-custom\lwjgl-par.jar;I:\saky-N\Plocha\kola\3. Univezita\4. rok (Ing.)\ZS\PGRF3\OpenGL\lwjgl-release-3.3.1-custom\lwjgl-stb.jar;I:\saky-N\Plocha\kola\3. Univezita\4. rok (Ing.)\ZS\PGRF3\OpenGL\lwjgl-release-3.3.1-custom\lwjgl-bgfx.jar;I:\saky-N\Plocha\kola\3. Univezita\4. rok (Ing.)\ZS\PGRF3\OpenGL\lwjgl-release-3.3.1-custom\lwjgl-glfw.jar;I:\saky-N\Plocha\kola\3. Univezita\4. rok (Ing.)\ZS\PGRF3\OpenGL\lwjgl-release-3.3.1-custom\lwjgl-assimp.jar;I:\saky-N\Plocha\kola\3. Univezita\4. rok (Ing.)\ZS\PGRF3\OpenGL\lwjgl-release-3.3.1-custom\lwjgl-nanovg.jar;I:\saky-N\Plocha\kola\3. Univezita\4. rok (Ing.)\ZS\PGRF3\OpenGL\lwjgl-release-3.3.1-custom\lwjgl-openal.jar;I:\saky-N\Plocha\kola\3. Univezita\4. rok (Ing.)\ZS\PGRF3\OpenGL\lwjgl-release-3.3.1-custom\lwjgl-opengl.jar;I:\saky-N\Plocha\kola\3. Univezita\4. rok (Ing.)\ZS\PGRF3\OpenGL\lwjgl-release-3.3.1-custom\lwjgl-vulkan.jar;I:\saky-N\Plocha\kola\3. Univezita\4. rok (Ing.)\ZS\PGRF3\OpenGL\lwjgl-release-3.3.1-custom\lwjgl-javadoc.jar;I:\saky-N\Plocha\kola\3. Univezita\4. rok (Ing.)\ZS\PGRF3\OpenGL\lwjgl-release-3.3.1-custom\lwjgl-nuklear.jar;I:\saky-N\Plocha\kola\3. Univezita\4. rok (Ing.)\ZS\PGRF3\OpenGL\lwjgl-release-3.3.1-custom\lwjgl-sources.jar;I:\saky-N\Plocha\kola\3. Univezita\4. rok (Ing.)\ZS\PGRF3\OpenGL\lwjgl-release-3.3.1-custom\lwjgl-par-javadoc.jar;I:\saky-N\Plocha\kola\3. Univezita\4. rok (Ing.)\ZS\PGRF3\OpenGL\lwjgl-release-3.3.1-custom\lwjgl-par-sources.jar;I:\saky-N\Plocha\kola\3. Univezita\4. rok (Ing.)\ZS\PGRF3\OpenGL\lwjgl-release-3.3.1-custom\lwjgl-stb-javadoc.jar;I:\saky-N\Plocha\kola\3. Univezita\4. rok (Ing.)\ZS\PGRF3\OpenGL\lwjgl-release-3.3.1-custom\lwjgl-stb-sources.jar;I:\saky-N\Plocha\kola\3. Univezita\4. rok (Ing.)\ZS\PGRF3\OpenGL\lwjgl-release-3.3.1-custom\lwjgl-bgfx-javadoc.jar;I:\saky-N\Plocha\kola\3. Univezita\4. rok (Ing.)\ZS\PGRF3\OpenGL\lwjgl-release-3.3.1-custom\lwjgl-bgfx-sources.jar;I:\saky-N\Plocha\kola\3. Univezita\4. rok (Ing.)\ZS\PGRF3\OpenGL\lwjgl-release-3.3.1-custom\lwjgl-glfw-javadoc.jar;I:\saky-N\Plocha\kola\3. Univezita\4. rok (Ing.)\ZS\PGRF3\OpenGL\lwjgl-release-3.3.1-custom\lwjgl-glfw-sources.jar;I:\saky-N\Plocha\kola\3. Univezita\4. rok (Ing.)\ZS\PGRF3\OpenGL\lwjgl-release-3.3.1-custom\lwjgl-assimp-javadoc.jar;I:\saky-N\Plocha\kola\3. Univezita\4. rok (Ing.)\ZS\PGRF3\OpenGL\lwjgl-release-3.3.1-custom\lwjgl-assimp-sources.jar;I:\saky-N\Plocha\kola\3. Univezita\4. rok (Ing.)\ZS\PGRF3\OpenGL\lwjgl-release-3.3.1-custom\lwjgl-nanovg-javadoc.jar;I:\saky-N\Plocha\kola\3. Univezita\4. rok (Ing.)\ZS\PGRF3\OpenGL\lwjgl-release-3.3.1-custom\lwjgl-nanovg-sources.jar;I:\saky-N\Plocha\kola\3. Univezita\4. rok (Ing.)\ZS\PGRF3\OpenGL\lwjgl-release-3.3.1-custom\lwjgl-openal-javadoc.jar;I:\saky-N\Plocha\kola\3. Univezita\4. rok (Ing.)\ZS\PGRF3\OpenGL\lwjgl-release-3.3.1-custom\lwjgl-openal-sources.jar;I:\saky-N\Plocha\kola\3. Univezita\4. rok (Ing.)\ZS\PGRF3\OpenGL\lwjgl-release-3.3.1-custom\lwjgl-opengl-javadoc.jar;I:\saky-N\Plocha\kola\3. Univezita\4. rok (Ing.)\ZS\PGRF3\OpenGL\lwjgl-release-3.3.1-custom\lwjgl-opengl-sources.jar;I:\saky-N\Plocha\kola\3. Univezita\4. rok (Ing.)\ZS\PGRF3\OpenGL\lwjgl-release-3.3.1-custom\lwjgl-vulkan-javadoc.jar;I:\saky-N\Plocha\kola\3. Univezita\4. rok (Ing.)\ZS\PGRF3\OpenGL\lwjgl-release-3.3.1-custom\lwjgl-vulkan-sources.jar;I:\saky-N\Plocha\kola\3. Univezita\4. rok (Ing.)\ZS\PGRF3\OpenGL\lwjgl-release-3.3.1-custom\lwjgl-natives-windows.jar;I:\saky-N\Plocha\kola\3. Univezita\4. rok (Ing.)\ZS\PGRF3\OpenGL\lwjgl-release-3.3.1-custom\lwjgl-nuklear-javadoc.jar;I:\saky-N\Plocha\kola\3. Univezita\4. rok (Ing.)\ZS\PGRF3\OpenGL\lwjgl-release-3.3.1-custom\lwjgl-nuklear-sources.jar;I:\saky-N\Plocha\kola\3. Univezita\4. rok (Ing.)\ZS\PGRF3\OpenGL\lwjgl-release-3.3.1-custom\lwjgl-par-natives-windows.jar;I:\saky-N\Plocha\kola\3. Univezita\4. rok (Ing.)\ZS\PGRF3\OpenGL\lwjgl-release-3.3.1-custom\lwjgl-stb-natives-windows.jar;I:\saky-N\Plocha\kola\3. Univezita\4. rok (Ing.)\ZS\PGRF3\OpenGL\lwjgl-release-3.3.1-custom\lwjgl-bgfx-natives-windows.jar;I:\saky-N\Plocha\kola\3. Univezita\4. rok (Ing.)\ZS\PGRF3\OpenGL\lwjgl-release-3.3.1-custom\lwjgl-glfw-natives-windows.jar;I:\saky-N\Plocha\kola\3. Univezita\4. rok (Ing.)\ZS\PGRF3\OpenGL\lwjgl-release-3.3.1-custom\lwjgl-assimp-natives-windows.jar;I:\saky-N\Plocha\kola\3. Univezita\4. rok (Ing.)\ZS\PGRF3\OpenGL\lwjgl-release-3.3.1-custom\lwjgl-nanovg-natives-windows.jar;I:\saky-N\Plocha\kola\3. Univezita\4. rok (Ing.)\ZS\PGRF3\OpenGL\lwjgl-release-3.3.1-custom\lwjgl-openal-natives-windows.jar;I:\saky-N\Plocha\kola\3. Univezita\4. rok (Ing.)\ZS\PGRF3\OpenGL\lwjgl-release-3.3.1-custom\lwjgl-opengl-natives-windows.jar;I:\saky-N\Plocha\kola\3. Univezita\4. rok (Ing.)\ZS\PGRF3\OpenGL\lwjgl-release-3.3.1-custom\lwjgl-nuklear-natives-windows.jar;D:\IdeaUltimate\IntelliJ IDEA 2022.2.3\lib\idea_rt.jar
Launcher Type: SUN_STANDARD

[Global flags]
     intx CICompilerCount                          = 3                                         {product} {ergonomic}
     uint ConcGCThreads                            = 1                                         {product} {ergonomic}
     uint G1ConcRefinementThreads                  = 4                                         {product} {ergonomic}
   size_t G1HeapRegionSize                         = 2097152                                   {product} {ergonomic}
    uintx GCDrainStackTargetSize                   = 64                                        {product} {ergonomic}
   size_t InitialHeapSize                          = 268435456                                 {product} {ergonomic}
   size_t MarkStackSize                            = 4194304                                   {product} {ergonomic}
   size_t MaxHeapSize                              = 4284481536                                {product} {ergonomic}
   size_t MaxNewSize                               = 2569011200                                {product} {ergonomic}
   size_t MinHeapDeltaBytes                        = 2097152                                   {product} {ergonomic}
   size_t MinHeapSize                              = 8388608                                   {product} {ergonomic}
    uintx NonNMethodCodeHeapSize                   = 5832780                                {pd product} {ergonomic}
    uintx NonProfiledCodeHeapSize                  = 122912730                              {pd product} {ergonomic}
    uintx ProfiledCodeHeapSize                     = 122912730                              {pd product} {ergonomic}
    uintx ReservedCodeCacheSize                    = 251658240                              {pd product} {ergonomic}
     bool SegmentedCodeCache                       = true                                      {product} {ergonomic}
   size_t SoftMaxHeapSize                          = 4284481536                             {manageable} {ergonomic}
     bool UseCompressedClassPointers               = true                           {product lp64_product} {ergonomic}
     bool UseCompressedOops                        = true                           {product lp64_product} {ergonomic}
     bool UseG1GC                                  = true                                      {product} {ergonomic}
     bool UseLargePagesIndividualAllocation        = false                                  {pd product} {ergonomic}

Logging:
Log output configuration:
 #0: stdout all=warning uptime,level,tags foldmultilines=false
 #1: stderr all=off uptime,level,tags foldmultilines=false

Environment Variables:
PATH=E:\VMware\bin\;C:\Program Files\AdoptOpenJDK\jdk-11.0.5.10-hotspot\bin;C:\Program Files (x86)\Common Files\Oracle\Java\javapath;C:\ProgramData\Oracle\Java\javapath;C:\WINDOWS\system32;C:\WINDOWS;C:\WINDOWS\System32\Wbem;C:\WINDOWS\System32\WindowsPowerShell\v1.0\;C:\Program Files (x86)\ATI Technologies\ATI.ACE\Core-Static;C:\WINDOWS\System32\OpenSSH\;C:\Program Files\dotnet\;C:\Program Files\Microsoft SQL Server\130\Tools\Binn\;D:\Microsoft VS Code\bin;C:\Program Files\NVIDIA Corporation\NVIDIA NvDLISR;C:\Program Files (x86)\NVIDIA Corporation\PhysX\Common;C:\WINDOWS\system32;C:\WINDOWS;C:\WINDOWS\System32\Wbem;C:\WINDOWS\System32\WindowsPowerShell\v1.0\;C:\WINDOWS\System32\OpenSSH\;C:\Program Files\Docker\Docker\resources\bin;C:\Program Files\Git\cmd;C:\Users\saky-hp-n\AppData\Local\Microsoft\WindowsApps;F:\Visual Code Studio\Microsoft VS Code\bin;D:\Microsoft VS Code\bin;D:\Visual Code\Microsoft VS Code\bin;C:\Users\saky-hp-n\AppData\Local\GitHubDesktop\bin
USERNAME=saky-hp-n
OS=Windows_NT
PROCESSOR_IDENTIFIER=Intel64 Family 6 Model 158 Stepping 11, GenuineIntel
TMP=C:\Users\SAKY-H~1\AppData\Local\Temp
TEMP=C:\Users\SAKY-H~1\AppData\Local\Temp



---------------  S Y S T E M  ---------------

OS:
 Windows 10 , 64 bit Build 19041 (10.0.19041.2251)
OS uptime: 25 days 17:01 hours
Hyper-V role detected

CPU: total 4 (initial active 4) (4 cores per cpu, 1 threads per core) family 6 model 158 stepping 11 microcode 0xb4, cx8, cmov, fxsr, mmx, 3dnowpref, sse, sse2, sse3, ssse3, sse4.1, sse4.2, popcnt, lzcnt, tsc, tscinvbit, avx, avx2, aes, erms, clmul, bmi1, bmi2, adx, fma, vzeroupper, clflush, clflushopt, hv, rdtscp

Memory: 4k page, system-wide physical 16339M (5353M free)
TotalPageFile size 32723M (AvailPageFile size 15477M)
current process WorkingSet (physical memory assigned to process): 48M, peak: 48M
current process commit charge ("private bytes"): 342M, peak: 342M

vm_info: OpenJDK 64-Bit Server VM (19+36-2238) for windows-amd64 JRE (19+36-2238), built on 2022-08-12T20:29:01Z by "mach5one" with MS VC++ 17.1 (VS2022)

END.
